0 info it worked if it ends with ok
1 verbose cli [ '/usr/bin/node', '/usr/bin/npm', 'install', '-g', 'lighthouse' ]
2 info using npm@3.5.2
3 info using node@v8.10.0
4 silly loadCurrentTree Starting
5 silly install loadCurrentTree
6 silly install readGlobalPackageData
7 silly fetchPackageMetaData lighthouse
8 silly fetchNamedPackageData lighthouse
9 silly mapToRegistry name lighthouse
10 silly mapToRegistry using default registry
11 silly mapToRegistry registry https://registry.npmjs.org/
12 silly mapToRegistry uri https://registry.npmjs.org/lighthouse
13 verbose request uri https://registry.npmjs.org/lighthouse
14 verbose request no auth needed
15 info attempt registry request try #1 at 12:40:37 PM
16 verbose request id e657d985081cb7ff
17 verbose etag W/"645dff799fd9d30d73cb9ce3ce516b27"
18 verbose lastModified Thu, 25 Jun 2020 20:39:29 GMT
19 http request GET https://registry.npmjs.org/lighthouse
20 http 304 https://registry.npmjs.org/lighthouse
21 verbose headers { date: 'Thu, 02 Jul 2020 15:40:39 GMT',
21 verbose headers   connection: 'keep-alive',
21 verbose headers   'set-cookie':
21 verbose headers    [ '__cfduid=d1851388d6e92a8dad57c88eafa6bd7931593704439; expires=Sat, 01-Aug-20 15:40:39 GMT; path=/; domain=.npmjs.org; HttpOnly; SameSite=Lax' ],
21 verbose headers   'cf-ray': '5ac9776dbcc209ec-GIG',
21 verbose headers   age: '153',
21 verbose headers   'cache-control': 'public, max-age=300',
21 verbose headers   etag: '"645dff799fd9d30d73cb9ce3ce516b27"',
21 verbose headers   'last-modified': 'Thu, 25 Jun 2020 20:39:29 GMT',
21 verbose headers   vary: 'Accept-Encoding',
21 verbose headers   'cf-cache-status': 'HIT',
21 verbose headers   'cf-request-id': '03b1c8f893000009ec5a0eb200000001',
21 verbose headers   'expect-ct': 'max-age=604800, report-uri="https://report-uri.cloudflare.com/cdn-cgi/beacon/expect-ct"',
21 verbose headers   server: 'cloudflare' }
22 silly get cb [ 304,
22 silly get   { date: 'Thu, 02 Jul 2020 15:40:39 GMT',
22 silly get     connection: 'keep-alive',
22 silly get     'set-cookie':
22 silly get      [ '__cfduid=d1851388d6e92a8dad57c88eafa6bd7931593704439; expires=Sat, 01-Aug-20 15:40:39 GMT; path=/; domain=.npmjs.org; HttpOnly; SameSite=Lax' ],
22 silly get     'cf-ray': '5ac9776dbcc209ec-GIG',
22 silly get     age: '153',
22 silly get     'cache-control': 'public, max-age=300',
22 silly get     etag: '"645dff799fd9d30d73cb9ce3ce516b27"',
22 silly get     'last-modified': 'Thu, 25 Jun 2020 20:39:29 GMT',
22 silly get     vary: 'Accept-Encoding',
22 silly get     'cf-cache-status': 'HIT',
22 silly get     'cf-request-id': '03b1c8f893000009ec5a0eb200000001',
22 silly get     'expect-ct': 'max-age=604800, report-uri="https://report-uri.cloudflare.com/cdn-cgi/beacon/expect-ct"',
22 silly get     server: 'cloudflare' } ]
23 verbose etag https://registry.npmjs.org/lighthouse from cache
24 verbose get saving lighthouse to /home/abouhid/.npm/registry.npmjs.org/lighthouse/.cache.json
25 silly install normalizeTree
26 silly loadCurrentTree Finishing
27 silly loadIdealTree Starting
28 silly install loadIdealTree
29 silly cloneCurrentTree Starting
30 silly install cloneCurrentTreeToIdealTree
31 silly cloneCurrentTree Finishing
32 silly loadShrinkwrap Starting
33 silly install loadShrinkwrap
34 silly loadShrinkwrap Finishing
35 silly loadAllDepsIntoIdealTree Starting
36 silly install loadAllDepsIntoIdealTree
37 silly resolveWithNewModule lighthouse@6.1.0 checking installable status
38 silly cache add args [ 'lighthouse', null ]
39 verbose cache add spec lighthouse
40 silly cache add parsed spec Result {
40 silly cache add   raw: 'lighthouse',
40 silly cache add   scope: null,
40 silly cache add   name: 'lighthouse',
40 silly cache add   rawSpec: '',
40 silly cache add   spec: 'latest',
40 silly cache add   type: 'tag' }
41 silly addNamed lighthouse@latest
42 verbose addNamed "latest" is being treated as a dist-tag for lighthouse
43 info addNameTag [ 'lighthouse', 'latest' ]
44 silly mapToRegistry name lighthouse
45 silly mapToRegistry using default registry
46 silly mapToRegistry registry https://registry.npmjs.org/
47 silly mapToRegistry uri https://registry.npmjs.org/lighthouse
48 verbose addNameTag registry:https://registry.npmjs.org/lighthouse not in flight; fetching
49 verbose get https://registry.npmjs.org/lighthouse not expired, no request
50 silly addNameTag next cb for lighthouse with tag latest
51 silly addNamed lighthouse@6.1.0
52 verbose addNamed "6.1.0" is a plain semver version for lighthouse
53 silly cache afterAdd lighthouse@6.1.0
54 verbose afterAdd /home/abouhid/.npm/lighthouse/6.1.0/package/package.json not in flight; writing
55 verbose afterAdd /home/abouhid/.npm/lighthouse/6.1.0/package/package.json written
56 silly fetchNamedPackageData axe-core
57 silly mapToRegistry name axe-core
58 silly mapToRegistry using default registry
59 silly mapToRegistry registry https://registry.npmjs.org/
60 silly mapToRegistry uri https://registry.npmjs.org/axe-core
61 silly fetchNamedPackageData chrome-launcher
62 silly mapToRegistry name chrome-launcher
63 silly mapToRegistry using default registry
64 silly mapToRegistry registry https://registry.npmjs.org/
65 silly mapToRegistry uri https://registry.npmjs.org/chrome-launcher
66 silly fetchNamedPackageData configstore
67 silly mapToRegistry name configstore
68 silly mapToRegistry using default registry
69 silly mapToRegistry registry https://registry.npmjs.org/
70 silly mapToRegistry uri https://registry.npmjs.org/configstore
71 silly fetchNamedPackageData cssstyle
72 silly mapToRegistry name cssstyle
73 silly mapToRegistry using default registry
74 silly mapToRegistry registry https://registry.npmjs.org/
75 silly mapToRegistry uri https://registry.npmjs.org/cssstyle
76 silly fetchNamedPackageData details-element-polyfill
77 silly mapToRegistry name details-element-polyfill
78 silly mapToRegistry using default registry
79 silly mapToRegistry registry https://registry.npmjs.org/
80 silly mapToRegistry uri https://registry.npmjs.org/details-element-polyfill
81 silly fetchNamedPackageData http-link-header
82 silly mapToRegistry name http-link-header
83 silly mapToRegistry using default registry
84 silly mapToRegistry registry https://registry.npmjs.org/
85 silly mapToRegistry uri https://registry.npmjs.org/http-link-header
86 silly fetchNamedPackageData inquirer
87 silly mapToRegistry name inquirer
88 silly mapToRegistry using default registry
89 silly mapToRegistry registry https://registry.npmjs.org/
90 silly mapToRegistry uri https://registry.npmjs.org/inquirer
91 silly fetchNamedPackageData intl
92 silly mapToRegistry name intl
93 silly mapToRegistry using default registry
94 silly mapToRegistry registry https://registry.npmjs.org/
95 silly mapToRegistry uri https://registry.npmjs.org/intl
96 silly fetchNamedPackageData intl-messageformat
97 silly mapToRegistry name intl-messageformat
98 silly mapToRegistry using default registry
99 silly mapToRegistry registry https://registry.npmjs.org/
100 silly mapToRegistry uri https://registry.npmjs.org/intl-messageformat
101 silly fetchNamedPackageData intl-pluralrules
102 silly mapToRegistry name intl-pluralrules
103 silly mapToRegistry using default registry
104 silly mapToRegistry registry https://registry.npmjs.org/
105 silly mapToRegistry uri https://registry.npmjs.org/intl-pluralrules
106 silly fetchNamedPackageData jpeg-js
107 silly mapToRegistry name jpeg-js
108 silly mapToRegistry using default registry
109 silly mapToRegistry registry https://registry.npmjs.org/
110 silly mapToRegistry uri https://registry.npmjs.org/jpeg-js
111 silly fetchNamedPackageData js-library-detector
112 silly mapToRegistry name js-library-detector
113 silly mapToRegistry using default registry
114 silly mapToRegistry registry https://registry.npmjs.org/
115 silly mapToRegistry uri https://registry.npmjs.org/js-library-detector
116 silly fetchNamedPackageData jsonld
117 silly mapToRegistry name jsonld
118 silly mapToRegistry using default registry
119 silly mapToRegistry registry https://registry.npmjs.org/
120 silly mapToRegistry uri https://registry.npmjs.org/jsonld
121 silly fetchNamedPackageData jsonlint-mod
122 silly mapToRegistry name jsonlint-mod
123 silly mapToRegistry using default registry
124 silly mapToRegistry registry https://registry.npmjs.org/
125 silly mapToRegistry uri https://registry.npmjs.org/jsonlint-mod
126 silly fetchNamedPackageData lighthouse-logger
127 silly mapToRegistry name lighthouse-logger
128 silly mapToRegistry using default registry
129 silly mapToRegistry registry https://registry.npmjs.org/
130 silly mapToRegistry uri https://registry.npmjs.org/lighthouse-logger
131 silly fetchNamedPackageData lodash.isequal
132 silly mapToRegistry name lodash.isequal
133 silly mapToRegistry using default registry
134 silly mapToRegistry registry https://registry.npmjs.org/
135 silly mapToRegistry uri https://registry.npmjs.org/lodash.isequal
136 silly fetchNamedPackageData lodash.set
137 silly mapToRegistry name lodash.set
138 silly mapToRegistry using default registry
139 silly mapToRegistry registry https://registry.npmjs.org/
140 silly mapToRegistry uri https://registry.npmjs.org/lodash.set
141 silly fetchNamedPackageData lookup-closest-locale
142 silly mapToRegistry name lookup-closest-locale
143 silly mapToRegistry using default registry
144 silly mapToRegistry registry https://registry.npmjs.org/
145 silly mapToRegistry uri https://registry.npmjs.org/lookup-closest-locale
146 silly fetchNamedPackageData metaviewport-parser
147 silly mapToRegistry name metaviewport-parser
148 silly mapToRegistry using default registry
149 silly mapToRegistry registry https://registry.npmjs.org/
150 silly mapToRegistry uri https://registry.npmjs.org/metaviewport-parser
151 silly fetchNamedPackageData open
152 silly mapToRegistry name open
153 silly mapToRegistry using default registry
154 silly mapToRegistry registry https://registry.npmjs.org/
155 silly mapToRegistry uri https://registry.npmjs.org/open
156 silly fetchNamedPackageData parse-cache-control
157 silly mapToRegistry name parse-cache-control
158 silly mapToRegistry using default registry
159 silly mapToRegistry registry https://registry.npmjs.org/
160 silly mapToRegistry uri https://registry.npmjs.org/parse-cache-control
161 silly fetchNamedPackageData raven
162 silly mapToRegistry name raven
163 silly mapToRegistry using default registry
164 silly mapToRegistry registry https://registry.npmjs.org/
165 silly mapToRegistry uri https://registry.npmjs.org/raven
166 silly fetchNamedPackageData rimraf
167 silly mapToRegistry name rimraf
168 silly mapToRegistry using default registry
169 silly mapToRegistry registry https://registry.npmjs.org/
170 silly mapToRegistry uri https://registry.npmjs.org/rimraf
171 silly fetchNamedPackageData robots-parser
172 silly mapToRegistry name robots-parser
173 silly mapToRegistry using default registry
174 silly mapToRegistry registry https://registry.npmjs.org/
175 silly mapToRegistry uri https://registry.npmjs.org/robots-parser
176 silly fetchNamedPackageData semver
177 silly mapToRegistry name semver
178 silly mapToRegistry using default registry
179 silly mapToRegistry registry https://registry.npmjs.org/
180 silly mapToRegistry uri https://registry.npmjs.org/semver
181 silly fetchNamedPackageData speedline-core
182 silly mapToRegistry name speedline-core
183 silly mapToRegistry using default registry
184 silly mapToRegistry registry https://registry.npmjs.org/
185 silly mapToRegistry uri https://registry.npmjs.org/speedline-core
186 silly fetchNamedPackageData third-party-web
187 silly mapToRegistry name third-party-web
188 silly mapToRegistry using default registry
189 silly mapToRegistry registry https://registry.npmjs.org/
190 silly mapToRegistry uri https://registry.npmjs.org/third-party-web
191 silly fetchNamedPackageData update-notifier
192 silly mapToRegistry name update-notifier
193 silly mapToRegistry using default registry
194 silly mapToRegistry registry https://registry.npmjs.org/
195 silly mapToRegistry uri https://registry.npmjs.org/update-notifier
196 silly fetchNamedPackageData ws
197 silly mapToRegistry name ws
198 silly mapToRegistry using default registry
199 silly mapToRegistry registry https://registry.npmjs.org/
200 silly mapToRegistry uri https://registry.npmjs.org/ws
201 silly fetchNamedPackageData yargs
202 silly mapToRegistry name yargs
203 silly mapToRegistry using default registry
204 silly mapToRegistry registry https://registry.npmjs.org/
205 silly mapToRegistry uri https://registry.npmjs.org/yargs
206 silly fetchNamedPackageData yargs-parser
207 silly mapToRegistry name yargs-parser
208 silly mapToRegistry using default registry
209 silly mapToRegistry registry https://registry.npmjs.org/
210 silly mapToRegistry uri https://registry.npmjs.org/yargs-parser
211 verbose request uri https://registry.npmjs.org/axe-core
212 verbose request no auth needed
213 info attempt registry request try #1 at 12:40:38 PM
214 verbose etag W/"cfd8d5becb069204c7ecc017cedbfb91"
215 verbose lastModified Wed, 01 Jul 2020 15:47:36 GMT
216 http request GET https://registry.npmjs.org/axe-core
217 verbose request uri https://registry.npmjs.org/chrome-launcher
218 verbose request no auth needed
219 info attempt registry request try #1 at 12:40:38 PM
220 verbose etag W/"9e82c7003cd21297400a3df6a3b60124"
221 verbose lastModified Thu, 04 Jun 2020 20:18:44 GMT
222 http request GET https://registry.npmjs.org/chrome-launcher
223 verbose request uri https://registry.npmjs.org/configstore
224 verbose request no auth needed
225 info attempt registry request try #1 at 12:40:38 PM
226 verbose etag W/"a206e89eb78fc1f778e01f4a5ab74459"
227 verbose lastModified Mon, 09 Mar 2020 18:31:52 GMT
228 http request GET https://registry.npmjs.org/configstore
229 verbose request uri https://registry.npmjs.org/cssstyle
230 verbose request no auth needed
231 info attempt registry request try #1 at 12:40:38 PM
232 verbose etag W/"7bc19646854852a782b5fbd2d8441ef9"
233 verbose lastModified Wed, 29 Apr 2020 14:42:18 GMT
234 http request GET https://registry.npmjs.org/cssstyle
235 verbose request uri https://registry.npmjs.org/details-element-polyfill
236 verbose request no auth needed
237 info attempt registry request try #1 at 12:40:38 PM
238 verbose etag W/"fefed04b62a01ba5fbf7cf707e20cec4"
239 verbose lastModified Tue, 13 Aug 2019 20:14:02 GMT
240 http request GET https://registry.npmjs.org/details-element-polyfill
241 verbose request uri https://registry.npmjs.org/http-link-header
242 verbose request no auth needed
243 info attempt registry request try #1 at 12:40:38 PM
244 verbose etag W/"9e8d0ac81d2e84c671111a0293da1fcc"
245 verbose lastModified Fri, 04 Jan 2019 03:38:00 GMT
246 http request GET https://registry.npmjs.org/http-link-header
247 verbose request uri https://registry.npmjs.org/inquirer
248 verbose request no auth needed
249 info attempt registry request try #1 at 12:40:38 PM
250 verbose etag W/"e9e2a5690a6b49994dd2d3b6ae0c1fe8"
251 verbose lastModified Thu, 02 Jul 2020 04:22:25 GMT
252 http request GET https://registry.npmjs.org/inquirer
253 verbose request uri https://registry.npmjs.org/intl
254 verbose request no auth needed
255 info attempt registry request try #1 at 12:40:38 PM
256 verbose etag W/"4544e28faec95ff85dfbf8a82a1ed640"
257 verbose lastModified Sun, 27 May 2018 04:48:00 GMT
258 http request GET https://registry.npmjs.org/intl
259 verbose request uri https://registry.npmjs.org/intl-messageformat
260 verbose request no auth needed
261 info attempt registry request try #1 at 12:40:38 PM
262 verbose etag W/"31a5fcf97b73be04e36184b733df71ec"
263 verbose lastModified Wed, 01 Jul 2020 05:38:08 GMT
264 http request GET https://registry.npmjs.org/intl-messageformat
265 verbose request uri https://registry.npmjs.org/intl-pluralrules
266 verbose request no auth needed
267 info attempt registry request try #1 at 12:40:38 PM
268 verbose etag W/"25e18ab7d23158d50c5ae6c5c9d4ecaf"
269 verbose lastModified Sun, 05 Apr 2020 19:03:00 GMT
270 http request GET https://registry.npmjs.org/intl-pluralrules
271 verbose request uri https://registry.npmjs.org/jpeg-js
272 verbose request no auth needed
273 info attempt registry request try #1 at 12:40:38 PM
274 verbose etag W/"2a68502b38402bc83d4133ce44e511b8"
275 verbose lastModified Sat, 27 Jun 2020 14:49:11 GMT
276 http request GET https://registry.npmjs.org/jpeg-js
277 verbose request uri https://registry.npmjs.org/js-library-detector
278 verbose request no auth needed
279 info attempt registry request try #1 at 12:40:38 PM
280 verbose etag W/"9b2f1dc41066f8fc39ec62ef22942966"
281 verbose lastModified Mon, 30 Mar 2020 15:56:12 GMT
282 http request GET https://registry.npmjs.org/js-library-detector
283 verbose request uri https://registry.npmjs.org/jsonld
284 verbose request no auth needed
285 info attempt registry request try #1 at 12:40:38 PM
286 verbose etag W/"7d1a79bee2ff0dc59453bd2c25855810"
287 verbose lastModified Fri, 22 May 2020 21:55:03 GMT
288 http request GET https://registry.npmjs.org/jsonld
289 verbose request uri https://registry.npmjs.org/jsonlint-mod
290 verbose request no auth needed
291 info attempt registry request try #1 at 12:40:38 PM
292 verbose etag W/"a85f980d521a22f1c00bfa3d2fb9b6ff"
293 verbose lastModified Fri, 26 Jul 2019 14:48:59 GMT
294 http request GET https://registry.npmjs.org/jsonlint-mod
295 verbose request uri https://registry.npmjs.org/lighthouse-logger
296 verbose request no auth needed
297 info attempt registry request try #1 at 12:40:38 PM
298 verbose etag W/"e3bbb710f85eeb93078791b26a07eb34"
299 verbose lastModified Wed, 24 Oct 2018 22:04:34 GMT
300 http request GET https://registry.npmjs.org/lighthouse-logger
301 verbose request uri https://registry.npmjs.org/lodash.isequal
302 verbose request no auth needed
303 info attempt registry request try #1 at 12:40:38 PM
304 verbose etag W/"a7a2689de69ea69094bf3204c851812b"
305 verbose lastModified Sun, 27 May 2018 06:58:37 GMT
306 http request GET https://registry.npmjs.org/lodash.isequal
307 verbose request uri https://registry.npmjs.org/lodash.set
308 verbose request no auth needed
309 info attempt registry request try #1 at 12:40:38 PM
310 verbose etag W/"0abd71537e4dda68e5160bec7b58747c"
311 verbose lastModified Sun, 27 May 2018 06:58:59 GMT
312 http request GET https://registry.npmjs.org/lodash.set
313 verbose request uri https://registry.npmjs.org/lookup-closest-locale
314 verbose request no auth needed
315 info attempt registry request try #1 at 12:40:38 PM
316 verbose etag W/"1a509d902e9c220778ebc821714e5654"
317 verbose lastModified Tue, 04 Jun 2019 19:45:55 GMT
318 http request GET https://registry.npmjs.org/lookup-closest-locale
319 verbose request uri https://registry.npmjs.org/metaviewport-parser
320 verbose request no auth needed
321 info attempt registry request try #1 at 12:40:38 PM
322 verbose etag W/"dd00aa406ba3aa8ce688f5c9cae4583d"
323 verbose lastModified Sun, 27 May 2018 07:56:37 GMT
324 http request GET https://registry.npmjs.org/metaviewport-parser
325 verbose request uri https://registry.npmjs.org/open
326 verbose request no auth needed
327 info attempt registry request try #1 at 12:40:38 PM
328 verbose etag W/"9e77a4f337ae59f8d197ce75774e6390"
329 verbose lastModified Sat, 16 May 2020 09:02:39 GMT
330 http request GET https://registry.npmjs.org/open
331 verbose request uri https://registry.npmjs.org/parse-cache-control
332 verbose request no auth needed
333 info attempt registry request try #1 at 12:40:38 PM
334 verbose etag W/"17512160fb3b7e3c6291f39b9be384b5"
335 verbose lastModified Sun, 27 May 2018 11:51:24 GMT
336 http request GET https://registry.npmjs.org/parse-cache-control
337 verbose request uri https://registry.npmjs.org/raven
338 verbose request no auth needed
339 info attempt registry request try #1 at 12:40:38 PM
340 verbose etag W/"1cd19de429b05d8208059b7e173077ab"
341 verbose lastModified Wed, 22 Apr 2020 08:24:54 GMT
342 http request GET https://registry.npmjs.org/raven
343 verbose request uri https://registry.npmjs.org/rimraf
344 verbose request no auth needed
345 info attempt registry request try #1 at 12:40:38 PM
346 verbose etag W/"a965d56367ab538fdf9c006898ee078b"
347 verbose lastModified Sun, 09 Feb 2020 06:18:41 GMT
348 http request GET https://registry.npmjs.org/rimraf
349 verbose request uri https://registry.npmjs.org/robots-parser
350 verbose request no auth needed
351 info attempt registry request try #1 at 12:40:38 PM
352 verbose etag W/"e452849dde364c927648ee43e26ceb31"
353 verbose lastModified Sat, 05 Jan 2019 10:10:39 GMT
354 http request GET https://registry.npmjs.org/robots-parser
355 verbose request uri https://registry.npmjs.org/semver
356 verbose request no auth needed
357 info attempt registry request try #1 at 12:40:38 PM
358 verbose etag W/"59092b50da42b51921689e4ee32cf7b6"
359 verbose lastModified Fri, 26 Jun 2020 20:54:16 GMT
360 http request GET https://registry.npmjs.org/semver
361 verbose request uri https://registry.npmjs.org/speedline-core
362 verbose request no auth needed
363 info attempt registry request try #1 at 12:40:38 PM
364 verbose etag W/"4477e334e3d5c8295a1bf4dc6c86c973"
365 verbose lastModified Thu, 20 Sep 2018 03:02:47 GMT
366 http request GET https://registry.npmjs.org/speedline-core
367 verbose request uri https://registry.npmjs.org/third-party-web
368 verbose request no auth needed
369 info attempt registry request try #1 at 12:40:38 PM
370 verbose etag W/"973c9bc648e5184b20691578737f554b"
371 verbose lastModified Sat, 20 Jun 2020 20:50:23 GMT
372 http request GET https://registry.npmjs.org/third-party-web
373 verbose request uri https://registry.npmjs.org/update-notifier
374 verbose request no auth needed
375 info attempt registry request try #1 at 12:40:38 PM
376 verbose etag W/"4630c013569d018f5afb7597e6180165"
377 verbose lastModified Mon, 09 Mar 2020 18:32:18 GMT
378 http request GET https://registry.npmjs.org/update-notifier
379 verbose request uri https://registry.npmjs.org/ws
380 verbose request no auth needed
381 info attempt registry request try #1 at 12:40:38 PM
382 verbose etag W/"4e41c894dbffb43e6fd7a6a10a11349f"
383 verbose lastModified Sun, 10 May 2020 05:36:45 GMT
384 http request GET https://registry.npmjs.org/ws
385 verbose request uri https://registry.npmjs.org/yargs
386 verbose request no auth needed
387 info attempt registry request try #1 at 12:40:38 PM
388 verbose etag W/"45ede84e6b2109e05af868e99e01a621"
389 verbose lastModified Wed, 01 Jul 2020 05:05:35 GMT
390 http request GET https://registry.npmjs.org/yargs
391 verbose request uri https://registry.npmjs.org/yargs-parser
392 verbose request no auth needed
393 info attempt registry request try #1 at 12:40:38 PM
394 verbose etag W/"babaa1863b3f96cd4c111601bdd674ac"
395 verbose lastModified Fri, 22 May 2020 00:32:14 GMT
396 http request GET https://registry.npmjs.org/yargs-parser
397 http 304 https://registry.npmjs.org/axe-core
398 verbose headers { date: 'Thu, 02 Jul 2020 15:40:40 GMT',
398 verbose headers   connection: 'keep-alive',
398 verbose headers   'set-cookie':
398 verbose headers    [ '__cfduid=d5f8775576f6ca076270e3bbc385b83571593704440; expires=Sat, 01-Aug-20 15:40:40 GMT; path=/; domain=.npmjs.org; HttpOnly; SameSite=Lax' ],
398 verbose headers   'cf-ray': '5ac97772bd4509ec-GIG',
398 verbose headers   age: '6345',
398 verbose headers   'cache-control': 'public, max-age=300',
398 verbose headers   etag: '"cfd8d5becb069204c7ecc017cedbfb91"',
398 verbose headers   'last-modified': 'Wed, 01 Jul 2020 15:47:36 GMT',
398 verbose headers   vary: 'Accept-Encoding',
398 verbose headers   'cf-cache-status': 'HIT',
398 verbose headers   'cf-request-id': '03b1c8fbb2000009ec5a12b200000001',
398 verbose headers   'expect-ct': 'max-age=604800, report-uri="https://report-uri.cloudflare.com/cdn-cgi/beacon/expect-ct"',
398 verbose headers   server: 'cloudflare' }
399 silly get cb [ 304,
399 silly get   { date: 'Thu, 02 Jul 2020 15:40:40 GMT',
399 silly get     connection: 'keep-alive',
399 silly get     'set-cookie':
399 silly get      [ '__cfduid=d5f8775576f6ca076270e3bbc385b83571593704440; expires=Sat, 01-Aug-20 15:40:40 GMT; path=/; domain=.npmjs.org; HttpOnly; SameSite=Lax' ],
399 silly get     'cf-ray': '5ac97772bd4509ec-GIG',
399 silly get     age: '6345',
399 silly get     'cache-control': 'public, max-age=300',
399 silly get     etag: '"cfd8d5becb069204c7ecc017cedbfb91"',
399 silly get     'last-modified': 'Wed, 01 Jul 2020 15:47:36 GMT',
399 silly get     vary: 'Accept-Encoding',
399 silly get     'cf-cache-status': 'HIT',
399 silly get     'cf-request-id': '03b1c8fbb2000009ec5a12b200000001',
399 silly get     'expect-ct': 'max-age=604800, report-uri="https://report-uri.cloudflare.com/cdn-cgi/beacon/expect-ct"',
399 silly get     server: 'cloudflare' } ]
400 verbose etag https://registry.npmjs.org/axe-core from cache
401 verbose get saving axe-core to /home/abouhid/.npm/registry.npmjs.org/axe-core/.cache.json
402 silly resolveWithNewModule axe-core@3.5.5 checking installable status
403 silly cache add args [ 'axe-core@3.5.5', null ]
404 verbose cache add spec axe-core@3.5.5
405 silly cache add parsed spec Result {
405 silly cache add   raw: 'axe-core@3.5.5',
405 silly cache add   scope: null,
405 silly cache add   name: 'axe-core',
405 silly cache add   rawSpec: '3.5.5',
405 silly cache add   spec: '3.5.5',
405 silly cache add   type: 'version' }
406 silly addNamed axe-core@3.5.5
407 verbose addNamed "3.5.5" is a plain semver version for axe-core
408 silly mapToRegistry name axe-core
409 silly mapToRegistry using default registry
410 silly mapToRegistry registry https://registry.npmjs.org/
411 silly mapToRegistry uri https://registry.npmjs.org/axe-core
412 verbose addNameVersion registry:https://registry.npmjs.org/axe-core not in flight; fetching
413 http 304 https://registry.npmjs.org/lookup-closest-locale
414 verbose headers { date: 'Thu, 02 Jul 2020 15:40:40 GMT',
414 verbose headers   connection: 'keep-alive',
414 verbose headers   'set-cookie':
414 verbose headers    [ '__cfduid=d5f8775576f6ca076270e3bbc385b83571593704440; expires=Sat, 01-Aug-20 15:40:40 GMT; path=/; domain=.npmjs.org; HttpOnly; SameSite=Lax' ],
414 verbose headers   'cf-ray': '5ac977736e3809ec-GIG',
414 verbose headers   age: '151',
414 verbose headers   'cache-control': 'public, max-age=300',
414 verbose headers   etag: '"1a509d902e9c220778ebc821714e5654"',
414 verbose headers   'last-modified': 'Tue, 04 Jun 2019 19:45:55 GMT',
414 verbose headers   vary: 'Accept-Encoding',
414 verbose headers   'cf-cache-status': 'HIT',
414 verbose headers   'cf-request-id': '03b1c8fc1e000009ec4a210200000001',
414 verbose headers   'expect-ct': 'max-age=604800, report-uri="https://report-uri.cloudflare.com/cdn-cgi/beacon/expect-ct"',
414 verbose headers   server: 'cloudflare' }
415 silly get cb [ 304,
415 silly get   { date: 'Thu, 02 Jul 2020 15:40:40 GMT',
415 silly get     connection: 'keep-alive',
415 silly get     'set-cookie':
415 silly get      [ '__cfduid=d5f8775576f6ca076270e3bbc385b83571593704440; expires=Sat, 01-Aug-20 15:40:40 GMT; path=/; domain=.npmjs.org; HttpOnly; SameSite=Lax' ],
415 silly get     'cf-ray': '5ac977736e3809ec-GIG',
415 silly get     age: '151',
415 silly get     'cache-control': 'public, max-age=300',
415 silly get     etag: '"1a509d902e9c220778ebc821714e5654"',
415 silly get     'last-modified': 'Tue, 04 Jun 2019 19:45:55 GMT',
415 silly get     vary: 'Accept-Encoding',
415 silly get     'cf-cache-status': 'HIT',
415 silly get     'cf-request-id': '03b1c8fc1e000009ec4a210200000001',
415 silly get     'expect-ct': 'max-age=604800, report-uri="https://report-uri.cloudflare.com/cdn-cgi/beacon/expect-ct"',
415 silly get     server: 'cloudflare' } ]
416 verbose etag https://registry.npmjs.org/lookup-closest-locale from cache
417 verbose get saving lookup-closest-locale to /home/abouhid/.npm/registry.npmjs.org/lookup-closest-locale/.cache.json
418 http 304 https://registry.npmjs.org/lodash.set
419 verbose headers { date: 'Thu, 02 Jul 2020 15:40:40 GMT',
419 verbose headers   connection: 'keep-alive',
419 verbose headers   'set-cookie':
419 verbose headers    [ '__cfduid=d7160898bbece3df6c0674a790d24726e1593704440; expires=Sat, 01-Aug-20 15:40:40 GMT; path=/; domain=.npmjs.org; HttpOnly; SameSite=Lax' ],
419 verbose headers   'cf-ray': '5ac977736adc09e4-GIG',
419 verbose headers   age: '151',
419 verbose headers   'cache-control': 'public, max-age=300',
419 verbose headers   etag: '"0abd71537e4dda68e5160bec7b58747c"',
419 verbose headers   'last-modified': 'Sun, 27 May 2018 06:58:59 GMT',
419 verbose headers   vary: 'Accept-Encoding',
419 verbose headers   'cf-cache-status': 'HIT',
419 verbose headers   'cf-request-id': '03b1c8fc1e000009e438af0200000001',
419 verbose headers   'expect-ct': 'max-age=604800, report-uri="https://report-uri.cloudflare.com/cdn-cgi/beacon/expect-ct"',
419 verbose headers   server: 'cloudflare' }
420 silly get cb [ 304,
420 silly get   { date: 'Thu, 02 Jul 2020 15:40:40 GMT',
420 silly get     connection: 'keep-alive',
420 silly get     'set-cookie':
420 silly get      [ '__cfduid=d7160898bbece3df6c0674a790d24726e1593704440; expires=Sat, 01-Aug-20 15:40:40 GMT; path=/; domain=.npmjs.org; HttpOnly; SameSite=Lax' ],
420 silly get     'cf-ray': '5ac977736adc09e4-GIG',
420 silly get     age: '151',
420 silly get     'cache-control': 'public, max-age=300',
420 silly get     etag: '"0abd71537e4dda68e5160bec7b58747c"',
420 silly get     'last-modified': 'Sun, 27 May 2018 06:58:59 GMT',
420 silly get     vary: 'Accept-Encoding',
420 silly get     'cf-cache-status': 'HIT',
420 silly get     'cf-request-id': '03b1c8fc1e000009e438af0200000001',
420 silly get     'expect-ct': 'max-age=604800, report-uri="https://report-uri.cloudflare.com/cdn-cgi/beacon/expect-ct"',
420 silly get     server: 'cloudflare' } ]
421 verbose etag https://registry.npmjs.org/lodash.set from cache
422 verbose get saving lodash.set to /home/abouhid/.npm/registry.npmjs.org/lodash.set/.cache.json
423 http 304 https://registry.npmjs.org/chrome-launcher
424 verbose headers { date: 'Thu, 02 Jul 2020 15:40:40 GMT',
424 verbose headers   connection: 'keep-alive',
424 verbose headers   'set-cookie':
424 verbose headers    [ '__cfduid=dc7de9abceaf433e00785ade8d7510cdd1593704440; expires=Sat, 01-Aug-20 15:40:40 GMT; path=/; domain=.npmjs.org; HttpOnly; SameSite=Lax' ],
424 verbose headers   'cf-ray': '5ac977736aa1db98-GIG',
424 verbose headers   age: '152',
424 verbose headers   'cache-control': 'public, max-age=300',
424 verbose headers   etag: '"9e82c7003cd21297400a3df6a3b60124"',
424 verbose headers   'last-modified': 'Thu, 04 Jun 2020 20:18:44 GMT',
424 verbose headers   vary: 'Accept-Encoding',
424 verbose headers   'cf-cache-status': 'HIT',
424 verbose headers   'cf-request-id': '03b1c8fc1c0000db983aa0e200000001',
424 verbose headers   'expect-ct': 'max-age=604800, report-uri="https://report-uri.cloudflare.com/cdn-cgi/beacon/expect-ct"',
424 verbose headers   server: 'cloudflare' }
425 silly get cb [ 304,
425 silly get   { date: 'Thu, 02 Jul 2020 15:40:40 GMT',
425 silly get     connection: 'keep-alive',
425 silly get     'set-cookie':
425 silly get      [ '__cfduid=dc7de9abceaf433e00785ade8d7510cdd1593704440; expires=Sat, 01-Aug-20 15:40:40 GMT; path=/; domain=.npmjs.org; HttpOnly; SameSite=Lax' ],
425 silly get     'cf-ray': '5ac977736aa1db98-GIG',
425 silly get     age: '152',
425 silly get     'cache-control': 'public, max-age=300',
425 silly get     etag: '"9e82c7003cd21297400a3df6a3b60124"',
425 silly get     'last-modified': 'Thu, 04 Jun 2020 20:18:44 GMT',
425 silly get     vary: 'Accept-Encoding',
425 silly get     'cf-cache-status': 'HIT',
425 silly get     'cf-request-id': '03b1c8fc1c0000db983aa0e200000001',
425 silly get     'expect-ct': 'max-age=604800, report-uri="https://report-uri.cloudflare.com/cdn-cgi/beacon/expect-ct"',
425 silly get     server: 'cloudflare' } ]
426 verbose etag https://registry.npmjs.org/chrome-launcher from cache
427 verbose get saving chrome-launcher to /home/abouhid/.npm/registry.npmjs.org/chrome-launcher/.cache.json
428 http 304 https://registry.npmjs.org/open
429 verbose headers { date: 'Thu, 02 Jul 2020 15:40:40 GMT',
429 verbose headers   connection: 'keep-alive',
429 verbose headers   'set-cookie':
429 verbose headers    [ '__cfduid=ddfcdc9eb133826417a5ca964be1205bc1593704440; expires=Sat, 01-Aug-20 15:40:40 GMT; path=/; domain=.npmjs.org; HttpOnly; SameSite=Lax' ],
429 verbose headers   'cf-ray': '5ac977736e67f877-GIG',
429 verbose headers   age: '2541',
429 verbose headers   'cache-control': 'public, max-age=300',
429 verbose headers   etag: '"9e77a4f337ae59f8d197ce75774e6390"',
429 verbose headers   'last-modified': 'Sat, 16 May 2020 09:02:39 GMT',
429 verbose headers   vary: 'Accept-Encoding',
429 verbose headers   'cf-cache-status': 'HIT',
429 verbose headers   'cf-request-id': '03b1c8fc1f0000f8772f2cd200000001',
429 verbose headers   'expect-ct': 'max-age=604800, report-uri="https://report-uri.cloudflare.com/cdn-cgi/beacon/expect-ct"',
429 verbose headers   server: 'cloudflare' }
430 silly get cb [ 304,
430 silly get   { date: 'Thu, 02 Jul 2020 15:40:40 GMT',
430 silly get     connection: 'keep-alive',
430 silly get     'set-cookie':
430 silly get      [ '__cfduid=ddfcdc9eb133826417a5ca964be1205bc1593704440; expires=Sat, 01-Aug-20 15:40:40 GMT; path=/; domain=.npmjs.org; HttpOnly; SameSite=Lax' ],
430 silly get     'cf-ray': '5ac977736e67f877-GIG',
430 silly get     age: '2541',
430 silly get     'cache-control': 'public, max-age=300',
430 silly get     etag: '"9e77a4f337ae59f8d197ce75774e6390"',
430 silly get     'last-modified': 'Sat, 16 May 2020 09:02:39 GMT',
430 silly get     vary: 'Accept-Encoding',
430 silly get     'cf-cache-status': 'HIT',
430 silly get     'cf-request-id': '03b1c8fc1f0000f8772f2cd200000001',
430 silly get     'expect-ct': 'max-age=604800, report-uri="https://report-uri.cloudflare.com/cdn-cgi/beacon/expect-ct"',
430 silly get     server: 'cloudflare' } ]
431 verbose etag https://registry.npmjs.org/open from cache
432 verbose get saving open to /home/abouhid/.npm/registry.npmjs.org/open/.cache.json
433 http 304 https://registry.npmjs.org/raven
434 verbose headers { date: 'Thu, 02 Jul 2020 15:40:40 GMT',
434 verbose headers   connection: 'keep-alive',
434 verbose headers   'set-cookie':
434 verbose headers    [ '__cfduid=d5f8775576f6ca076270e3bbc385b83571593704440; expires=Sat, 01-Aug-20 15:40:40 GMT; path=/; domain=.npmjs.org; HttpOnly; SameSite=Lax' ],
434 verbose headers   'cf-ray': '5ac977736e3309ec-GIG',
434 verbose headers   age: '151',
434 verbose headers   'cache-control': 'public, max-age=300',
434 verbose headers   etag: '"1cd19de429b05d8208059b7e173077ab"',
434 verbose headers   'last-modified': 'Wed, 22 Apr 2020 08:24:54 GMT',
434 verbose headers   vary: 'Accept-Encoding',
434 verbose headers   'cf-cache-status': 'HIT',
434 verbose headers   'cf-request-id': '03b1c8fc1c000009ec4a20f200000001',
434 verbose headers   'expect-ct': 'max-age=604800, report-uri="https://report-uri.cloudflare.com/cdn-cgi/beacon/expect-ct"',
434 verbose headers   server: 'cloudflare' }
435 silly get cb [ 304,
435 silly get   { date: 'Thu, 02 Jul 2020 15:40:40 GMT',
435 silly get     connection: 'keep-alive',
435 silly get     'set-cookie':
435 silly get      [ '__cfduid=d5f8775576f6ca076270e3bbc385b83571593704440; expires=Sat, 01-Aug-20 15:40:40 GMT; path=/; domain=.npmjs.org; HttpOnly; SameSite=Lax' ],
435 silly get     'cf-ray': '5ac977736e3309ec-GIG',
435 silly get     age: '151',
435 silly get     'cache-control': 'public, max-age=300',
435 silly get     etag: '"1cd19de429b05d8208059b7e173077ab"',
435 silly get     'last-modified': 'Wed, 22 Apr 2020 08:24:54 GMT',
435 silly get     vary: 'Accept-Encoding',
435 silly get     'cf-cache-status': 'HIT',
435 silly get     'cf-request-id': '03b1c8fc1c000009ec4a20f200000001',
435 silly get     'expect-ct': 'max-age=604800, report-uri="https://report-uri.cloudflare.com/cdn-cgi/beacon/expect-ct"',
435 silly get     server: 'cloudflare' } ]
436 verbose etag https://registry.npmjs.org/raven from cache
437 verbose get saving raven to /home/abouhid/.npm/registry.npmjs.org/raven/.cache.json
438 http 304 https://registry.npmjs.org/parse-cache-control
439 verbose headers { date: 'Thu, 02 Jul 2020 15:40:40 GMT',
439 verbose headers   connection: 'keep-alive',
439 verbose headers   'set-cookie':
439 verbose headers    [ '__cfduid=d5f8775576f6ca076270e3bbc385b83571593704440; expires=Sat, 01-Aug-20 15:40:40 GMT; path=/; domain=.npmjs.org; HttpOnly; SameSite=Lax' ],
439 verbose headers   'cf-ray': '5ac977736e4609ec-GIG',
439 verbose headers   age: '151',
439 verbose headers   'cache-control': 'public, max-age=300',
439 verbose headers   etag: '"17512160fb3b7e3c6291f39b9be384b5"',
439 verbose headers   'last-modified': 'Sun, 27 May 2018 11:51:24 GMT',
439 verbose headers   vary: 'Accept-Encoding',
439 verbose headers   'cf-cache-status': 'HIT',
439 verbose headers   'cf-request-id': '03b1c8fc23000009ec4b2d7200000001',
439 verbose headers   'expect-ct': 'max-age=604800, report-uri="https://report-uri.cloudflare.com/cdn-cgi/beacon/expect-ct"',
439 verbose headers   server: 'cloudflare' }
440 silly get cb [ 304,
440 silly get   { date: 'Thu, 02 Jul 2020 15:40:40 GMT',
440 silly get     connection: 'keep-alive',
440 silly get     'set-cookie':
440 silly get      [ '__cfduid=d5f8775576f6ca076270e3bbc385b83571593704440; expires=Sat, 01-Aug-20 15:40:40 GMT; path=/; domain=.npmjs.org; HttpOnly; SameSite=Lax' ],
440 silly get     'cf-ray': '5ac977736e4609ec-GIG',
440 silly get     age: '151',
440 silly get     'cache-control': 'public, max-age=300',
440 silly get     etag: '"17512160fb3b7e3c6291f39b9be384b5"',
440 silly get     'last-modified': 'Sun, 27 May 2018 11:51:24 GMT',
440 silly get     vary: 'Accept-Encoding',
440 silly get     'cf-cache-status': 'HIT',
440 silly get     'cf-request-id': '03b1c8fc23000009ec4b2d7200000001',
440 silly get     'expect-ct': 'max-age=604800, report-uri="https://report-uri.cloudflare.com/cdn-cgi/beacon/expect-ct"',
440 silly get     server: 'cloudflare' } ]
441 verbose etag https://registry.npmjs.org/parse-cache-control from cache
442 verbose get saving parse-cache-control to /home/abouhid/.npm/registry.npmjs.org/parse-cache-control/.cache.json
443 http 304 https://registry.npmjs.org/intl-pluralrules
444 verbose headers { date: 'Thu, 02 Jul 2020 15:40:40 GMT',
444 verbose headers   connection: 'keep-alive',
444 verbose headers   'set-cookie':
444 verbose headers    [ '__cfduid=deeef820ab95ff97ef89b8ab21c87ce221593704440; expires=Sat, 01-Aug-20 15:40:40 GMT; path=/; domain=.npmjs.org; HttpOnly; SameSite=Lax' ],
444 verbose headers   'cf-ray': '5ac977736ec4dba4-GIG',
444 verbose headers   age: '151',
444 verbose headers   'cache-control': 'public, max-age=300',
444 verbose headers   etag: '"25e18ab7d23158d50c5ae6c5c9d4ecaf"',
444 verbose headers   'last-modified': 'Sun, 05 Apr 2020 19:03:00 GMT',
444 verbose headers   vary: 'Accept-Encoding',
444 verbose headers   'cf-cache-status': 'HIT',
444 verbose headers   'cf-request-id': '03b1c8fc1d0000dba45b9cc200000001',
444 verbose headers   'expect-ct': 'max-age=604800, report-uri="https://report-uri.cloudflare.com/cdn-cgi/beacon/expect-ct"',
444 verbose headers   server: 'cloudflare' }
445 silly get cb [ 304,
445 silly get   { date: 'Thu, 02 Jul 2020 15:40:40 GMT',
445 silly get     connection: 'keep-alive',
445 silly get     'set-cookie':
445 silly get      [ '__cfduid=deeef820ab95ff97ef89b8ab21c87ce221593704440; expires=Sat, 01-Aug-20 15:40:40 GMT; path=/; domain=.npmjs.org; HttpOnly; SameSite=Lax' ],
445 silly get     'cf-ray': '5ac977736ec4dba4-GIG',
445 silly get     age: '151',
445 silly get     'cache-control': 'public, max-age=300',
445 silly get     etag: '"25e18ab7d23158d50c5ae6c5c9d4ecaf"',
445 silly get     'last-modified': 'Sun, 05 Apr 2020 19:03:00 GMT',
445 silly get     vary: 'Accept-Encoding',
445 silly get     'cf-cache-status': 'HIT',
445 silly get     'cf-request-id': '03b1c8fc1d0000dba45b9cc200000001',
445 silly get     'expect-ct': 'max-age=604800, report-uri="https://report-uri.cloudflare.com/cdn-cgi/beacon/expect-ct"',
445 silly get     server: 'cloudflare' } ]
446 verbose etag https://registry.npmjs.org/intl-pluralrules from cache
447 verbose get saving intl-pluralrules to /home/abouhid/.npm/registry.npmjs.org/intl-pluralrules/.cache.json
448 http 304 https://registry.npmjs.org/intl
449 verbose headers { date: 'Thu, 02 Jul 2020 15:40:40 GMT',
449 verbose headers   connection: 'keep-alive',
449 verbose headers   'set-cookie':
449 verbose headers    [ '__cfduid=dcc689193ebe3f65dc85b948262a9d58e1593704440; expires=Sat, 01-Aug-20 15:40:40 GMT; path=/; domain=.npmjs.org; HttpOnly; SameSite=Lax' ],
449 verbose headers   'cf-ray': '5ac97773685f09f0-GIG',
449 verbose headers   age: '151',
449 verbose headers   'cache-control': 'public, max-age=300',
449 verbose headers   etag: '"4544e28faec95ff85dfbf8a82a1ed640"',
449 verbose headers   'last-modified': 'Sun, 27 May 2018 04:48:00 GMT',
449 verbose headers   vary: 'Accept-Encoding',
449 verbose headers   'cf-cache-status': 'HIT',
449 verbose headers   'cf-request-id': '03b1c8fc1c000009f05328e200000001',
449 verbose headers   'expect-ct': 'max-age=604800, report-uri="https://report-uri.cloudflare.com/cdn-cgi/beacon/expect-ct"',
449 verbose headers   server: 'cloudflare' }
450 silly get cb [ 304,
450 silly get   { date: 'Thu, 02 Jul 2020 15:40:40 GMT',
450 silly get     connection: 'keep-alive',
450 silly get     'set-cookie':
450 silly get      [ '__cfduid=dcc689193ebe3f65dc85b948262a9d58e1593704440; expires=Sat, 01-Aug-20 15:40:40 GMT; path=/; domain=.npmjs.org; HttpOnly; SameSite=Lax' ],
450 silly get     'cf-ray': '5ac97773685f09f0-GIG',
450 silly get     age: '151',
450 silly get     'cache-control': 'public, max-age=300',
450 silly get     etag: '"4544e28faec95ff85dfbf8a82a1ed640"',
450 silly get     'last-modified': 'Sun, 27 May 2018 04:48:00 GMT',
450 silly get     vary: 'Accept-Encoding',
450 silly get     'cf-cache-status': 'HIT',
450 silly get     'cf-request-id': '03b1c8fc1c000009f05328e200000001',
450 silly get     'expect-ct': 'max-age=604800, report-uri="https://report-uri.cloudflare.com/cdn-cgi/beacon/expect-ct"',
450 silly get     server: 'cloudflare' } ]
451 verbose etag https://registry.npmjs.org/intl from cache
452 verbose get saving intl to /home/abouhid/.npm/registry.npmjs.org/intl/.cache.json
453 http 304 https://registry.npmjs.org/yargs-parser
454 verbose headers { date: 'Thu, 02 Jul 2020 15:40:40 GMT',
454 verbose headers   connection: 'keep-alive',
454 verbose headers   'set-cookie':
454 verbose headers    [ '__cfduid=dc7de9abceaf433e00785ade8d7510cdd1593704440; expires=Sat, 01-Aug-20 15:40:40 GMT; path=/; domain=.npmjs.org; HttpOnly; SameSite=Lax' ],
454 verbose headers   'cf-ray': '5ac977736aa8db98-GIG',
454 verbose headers   age: '3999',
454 verbose headers   'cache-control': 'public, max-age=300',
454 verbose headers   etag: '"babaa1863b3f96cd4c111601bdd674ac"',
454 verbose headers   'last-modified': 'Fri, 22 May 2020 00:32:14 GMT',
454 verbose headers   vary: 'Accept-Encoding',
454 verbose headers   'cf-cache-status': 'HIT',
454 verbose headers   'cf-request-id': '03b1c8fc220000db983f2cc200000001',
454 verbose headers   'expect-ct': 'max-age=604800, report-uri="https://report-uri.cloudflare.com/cdn-cgi/beacon/expect-ct"',
454 verbose headers   server: 'cloudflare' }
455 silly get cb [ 304,
455 silly get   { date: 'Thu, 02 Jul 2020 15:40:40 GMT',
455 silly get     connection: 'keep-alive',
455 silly get     'set-cookie':
455 silly get      [ '__cfduid=dc7de9abceaf433e00785ade8d7510cdd1593704440; expires=Sat, 01-Aug-20 15:40:40 GMT; path=/; domain=.npmjs.org; HttpOnly; SameSite=Lax' ],
455 silly get     'cf-ray': '5ac977736aa8db98-GIG',
455 silly get     age: '3999',
455 silly get     'cache-control': 'public, max-age=300',
455 silly get     etag: '"babaa1863b3f96cd4c111601bdd674ac"',
455 silly get     'last-modified': 'Fri, 22 May 2020 00:32:14 GMT',
455 silly get     vary: 'Accept-Encoding',
455 silly get     'cf-cache-status': 'HIT',
455 silly get     'cf-request-id': '03b1c8fc220000db983f2cc200000001',
455 silly get     'expect-ct': 'max-age=604800, report-uri="https://report-uri.cloudflare.com/cdn-cgi/beacon/expect-ct"',
455 silly get     server: 'cloudflare' } ]
456 verbose etag https://registry.npmjs.org/yargs-parser from cache
457 verbose get saving yargs-parser to /home/abouhid/.npm/registry.npmjs.org/yargs-parser/.cache.json
458 http 304 https://registry.npmjs.org/js-library-detector
459 verbose headers { date: 'Thu, 02 Jul 2020 15:40:40 GMT',
459 verbose headers   connection: 'keep-alive',
459 verbose headers   'set-cookie':
459 verbose headers    [ '__cfduid=d321994f05301d768661524e8b7e1307d1593704440; expires=Sat, 01-Aug-20 15:40:40 GMT; path=/; domain=.npmjs.org; HttpOnly; SameSite=Lax' ],
459 verbose headers   'cf-ray': '5ac977736bfe09cc-GIG',
459 verbose headers   age: '151',
459 verbose headers   'cache-control': 'public, max-age=300',
459 verbose headers   etag: '"9b2f1dc41066f8fc39ec62ef22942966"',
459 verbose headers   'last-modified': 'Mon, 30 Mar 2020 15:56:12 GMT',
459 verbose headers   vary: 'Accept-Encoding',
459 verbose headers   'cf-cache-status': 'HIT',
459 verbose headers   'cf-request-id': '03b1c8fc23000009cc2d10b200000001',
459 verbose headers   'expect-ct': 'max-age=604800, report-uri="https://report-uri.cloudflare.com/cdn-cgi/beacon/expect-ct"',
459 verbose headers   server: 'cloudflare' }
460 silly get cb [ 304,
460 silly get   { date: 'Thu, 02 Jul 2020 15:40:40 GMT',
460 silly get     connection: 'keep-alive',
460 silly get     'set-cookie':
460 silly get      [ '__cfduid=d321994f05301d768661524e8b7e1307d1593704440; expires=Sat, 01-Aug-20 15:40:40 GMT; path=/; domain=.npmjs.org; HttpOnly; SameSite=Lax' ],
460 silly get     'cf-ray': '5ac977736bfe09cc-GIG',
460 silly get     age: '151',
460 silly get     'cache-control': 'public, max-age=300',
460 silly get     etag: '"9b2f1dc41066f8fc39ec62ef22942966"',
460 silly get     'last-modified': 'Mon, 30 Mar 2020 15:56:12 GMT',
460 silly get     vary: 'Accept-Encoding',
460 silly get     'cf-cache-status': 'HIT',
460 silly get     'cf-request-id': '03b1c8fc23000009cc2d10b200000001',
460 silly get     'expect-ct': 'max-age=604800, report-uri="https://report-uri.cloudflare.com/cdn-cgi/beacon/expect-ct"',
460 silly get     server: 'cloudflare' } ]
461 verbose etag https://registry.npmjs.org/js-library-detector from cache
462 verbose get saving js-library-detector to /home/abouhid/.npm/registry.npmjs.org/js-library-detector/.cache.json
463 http 304 https://registry.npmjs.org/details-element-polyfill
464 verbose headers { date: 'Thu, 02 Jul 2020 15:40:40 GMT',
464 verbose headers   connection: 'keep-alive',
464 verbose headers   'set-cookie':
464 verbose headers    [ '__cfduid=dcc413e27ac8dcd8333ccd234e6427fc81593704440; expires=Sat, 01-Aug-20 15:40:40 GMT; path=/; domain=.npmjs.org; HttpOnly; SameSite=Lax' ],
464 verbose headers   'cf-ray': '5ac977736e33f83b-GIG',
464 verbose headers   age: '151',
464 verbose headers   'cache-control': 'public, max-age=300',
464 verbose headers   etag: '"fefed04b62a01ba5fbf7cf707e20cec4"',
464 verbose headers   'last-modified': 'Tue, 13 Aug 2019 20:14:02 GMT',
464 verbose headers   vary: 'Accept-Encoding',
464 verbose headers   'cf-cache-status': 'HIT',
464 verbose headers   'cf-request-id': '03b1c8fc1e0000f83b6b8b8200000001',
464 verbose headers   'expect-ct': 'max-age=604800, report-uri="https://report-uri.cloudflare.com/cdn-cgi/beacon/expect-ct"',
464 verbose headers   server: 'cloudflare' }
465 silly get cb [ 304,
465 silly get   { date: 'Thu, 02 Jul 2020 15:40:40 GMT',
465 silly get     connection: 'keep-alive',
465 silly get     'set-cookie':
465 silly get      [ '__cfduid=dcc413e27ac8dcd8333ccd234e6427fc81593704440; expires=Sat, 01-Aug-20 15:40:40 GMT; path=/; domain=.npmjs.org; HttpOnly; SameSite=Lax' ],
465 silly get     'cf-ray': '5ac977736e33f83b-GIG',
465 silly get     age: '151',
465 silly get     'cache-control': 'public, max-age=300',
465 silly get     etag: '"fefed04b62a01ba5fbf7cf707e20cec4"',
465 silly get     'last-modified': 'Tue, 13 Aug 2019 20:14:02 GMT',
465 silly get     vary: 'Accept-Encoding',
465 silly get     'cf-cache-status': 'HIT',
465 silly get     'cf-request-id': '03b1c8fc1e0000f83b6b8b8200000001',
465 silly get     'expect-ct': 'max-age=604800, report-uri="https://report-uri.cloudflare.com/cdn-cgi/beacon/expect-ct"',
465 silly get     server: 'cloudflare' } ]
466 verbose etag https://registry.npmjs.org/details-element-polyfill from cache
467 verbose get saving details-element-polyfill to /home/abouhid/.npm/registry.npmjs.org/details-element-polyfill/.cache.json
468 http 304 https://registry.npmjs.org/configstore
469 verbose headers { date: 'Thu, 02 Jul 2020 15:40:40 GMT',
469 verbose headers   connection: 'keep-alive',
469 verbose headers   'set-cookie':
469 verbose headers    [ '__cfduid=dc1c27662c1fad4400e91d0168e84684f1593704440; expires=Sat, 01-Aug-20 15:40:40 GMT; path=/; domain=.npmjs.org; HttpOnly; SameSite=Lax' ],
469 verbose headers   'cf-ray': '5ac977736a7409dc-GIG',
469 verbose headers   age: '2728',
469 verbose headers   'cache-control': 'public, max-age=300',
469 verbose headers   etag: '"a206e89eb78fc1f778e01f4a5ab74459"',
469 verbose headers   'last-modified': 'Mon, 09 Mar 2020 18:31:52 GMT',
469 verbose headers   vary: 'Accept-Encoding',
469 verbose headers   'cf-cache-status': 'HIT',
469 verbose headers   'cf-request-id': '03b1c8fc1c000009dc312bc200000001',
469 verbose headers   'expect-ct': 'max-age=604800, report-uri="https://report-uri.cloudflare.com/cdn-cgi/beacon/expect-ct"',
469 verbose headers   server: 'cloudflare' }
470 silly get cb [ 304,
470 silly get   { date: 'Thu, 02 Jul 2020 15:40:40 GMT',
470 silly get     connection: 'keep-alive',
470 silly get     'set-cookie':
470 silly get      [ '__cfduid=dc1c27662c1fad4400e91d0168e84684f1593704440; expires=Sat, 01-Aug-20 15:40:40 GMT; path=/; domain=.npmjs.org; HttpOnly; SameSite=Lax' ],
470 silly get     'cf-ray': '5ac977736a7409dc-GIG',
470 silly get     age: '2728',
470 silly get     'cache-control': 'public, max-age=300',
470 silly get     etag: '"a206e89eb78fc1f778e01f4a5ab74459"',
470 silly get     'last-modified': 'Mon, 09 Mar 2020 18:31:52 GMT',
470 silly get     vary: 'Accept-Encoding',
470 silly get     'cf-cache-status': 'HIT',
470 silly get     'cf-request-id': '03b1c8fc1c000009dc312bc200000001',
470 silly get     'expect-ct': 'max-age=604800, report-uri="https://report-uri.cloudflare.com/cdn-cgi/beacon/expect-ct"',
470 silly get     server: 'cloudflare' } ]
471 verbose etag https://registry.npmjs.org/configstore from cache
472 verbose get saving configstore to /home/abouhid/.npm/registry.npmjs.org/configstore/.cache.json
473 http 304 https://registry.npmjs.org/intl-messageformat
474 verbose headers { date: 'Thu, 02 Jul 2020 15:40:40 GMT',
474 verbose headers   connection: 'keep-alive',
474 verbose headers   'set-cookie':
474 verbose headers    [ '__cfduid=dcf5aaf011baa24c6a97283c58bbea9ab1593704440; expires=Sat, 01-Aug-20 15:40:40 GMT; path=/; domain=.npmjs.org; HttpOnly; SameSite=Lax' ],
474 verbose headers   'cf-ray': '5ac9777368550a04-GIG',
474 verbose headers   age: '151',
474 verbose headers   'cache-control': 'public, max-age=300',
474 verbose headers   etag: '"31a5fcf97b73be04e36184b733df71ec"',
474 verbose headers   'last-modified': 'Wed, 01 Jul 2020 05:38:08 GMT',
474 verbose headers   vary: 'Accept-Encoding',
474 verbose headers   'cf-cache-status': 'HIT',
474 verbose headers   'cf-request-id': '03b1c8fc1d00000a0448371200000001',
474 verbose headers   'expect-ct': 'max-age=604800, report-uri="https://report-uri.cloudflare.com/cdn-cgi/beacon/expect-ct"',
474 verbose headers   server: 'cloudflare' }
475 silly get cb [ 304,
475 silly get   { date: 'Thu, 02 Jul 2020 15:40:40 GMT',
475 silly get     connection: 'keep-alive',
475 silly get     'set-cookie':
475 silly get      [ '__cfduid=dcf5aaf011baa24c6a97283c58bbea9ab1593704440; expires=Sat, 01-Aug-20 15:40:40 GMT; path=/; domain=.npmjs.org; HttpOnly; SameSite=Lax' ],
475 silly get     'cf-ray': '5ac9777368550a04-GIG',
475 silly get     age: '151',
475 silly get     'cache-control': 'public, max-age=300',
475 silly get     etag: '"31a5fcf97b73be04e36184b733df71ec"',
475 silly get     'last-modified': 'Wed, 01 Jul 2020 05:38:08 GMT',
475 silly get     vary: 'Accept-Encoding',
475 silly get     'cf-cache-status': 'HIT',
475 silly get     'cf-request-id': '03b1c8fc1d00000a0448371200000001',
475 silly get     'expect-ct': 'max-age=604800, report-uri="https://report-uri.cloudflare.com/cdn-cgi/beacon/expect-ct"',
475 silly get     server: 'cloudflare' } ]
476 verbose etag https://registry.npmjs.org/intl-messageformat from cache
477 verbose get saving intl-messageformat to /home/abouhid/.npm/registry.npmjs.org/intl-messageformat/.cache.json
478 http 304 https://registry.npmjs.org/update-notifier
479 verbose headers { date: 'Thu, 02 Jul 2020 15:40:40 GMT',
479 verbose headers   connection: 'keep-alive',
479 verbose headers   'set-cookie':
479 verbose headers    [ '__cfduid=d376c379c90e0c9944e4c197b2b1059761593704440; expires=Sat, 01-Aug-20 15:40:40 GMT; path=/; domain=.npmjs.org; HttpOnly; SameSite=Lax' ],
479 verbose headers   'cf-ray': '5ac97773688bdbb4-GIG',
479 verbose headers   age: '2734',
479 verbose headers   'cache-control': 'public, max-age=300',
479 verbose headers   etag: '"4630c013569d018f5afb7597e6180165"',
479 verbose headers   'last-modified': 'Mon, 09 Mar 2020 18:32:18 GMT',
479 verbose headers   vary: 'Accept-Encoding',
479 verbose headers   'cf-cache-status': 'HIT',
479 verbose headers   'cf-request-id': '03b1c8fc230000dbb44708a200000001',
479 verbose headers   'expect-ct': 'max-age=604800, report-uri="https://report-uri.cloudflare.com/cdn-cgi/beacon/expect-ct"',
479 verbose headers   server: 'cloudflare' }
480 silly get cb [ 304,
480 silly get   { date: 'Thu, 02 Jul 2020 15:40:40 GMT',
480 silly get     connection: 'keep-alive',
480 silly get     'set-cookie':
480 silly get      [ '__cfduid=d376c379c90e0c9944e4c197b2b1059761593704440; expires=Sat, 01-Aug-20 15:40:40 GMT; path=/; domain=.npmjs.org; HttpOnly; SameSite=Lax' ],
480 silly get     'cf-ray': '5ac97773688bdbb4-GIG',
480 silly get     age: '2734',
480 silly get     'cache-control': 'public, max-age=300',
480 silly get     etag: '"4630c013569d018f5afb7597e6180165"',
480 silly get     'last-modified': 'Mon, 09 Mar 2020 18:32:18 GMT',
480 silly get     vary: 'Accept-Encoding',
480 silly get     'cf-cache-status': 'HIT',
480 silly get     'cf-request-id': '03b1c8fc230000dbb44708a200000001',
480 silly get     'expect-ct': 'max-age=604800, report-uri="https://report-uri.cloudflare.com/cdn-cgi/beacon/expect-ct"',
480 silly get     server: 'cloudflare' } ]
481 verbose etag https://registry.npmjs.org/update-notifier from cache
482 verbose get saving update-notifier to /home/abouhid/.npm/registry.npmjs.org/update-notifier/.cache.json
483 http 304 https://registry.npmjs.org/cssstyle
484 verbose headers { date: 'Thu, 02 Jul 2020 15:40:40 GMT',
484 verbose headers   connection: 'keep-alive',
484 verbose headers   'set-cookie':
484 verbose headers    [ '__cfduid=d2ec2574b4d587891efde68ecddb964da1593704440; expires=Sat, 01-Aug-20 15:40:40 GMT; path=/; domain=.npmjs.org; HttpOnly; SameSite=Lax' ],
484 verbose headers   'cf-ray': '5ac977736dbedb94-GIG',
484 verbose headers   age: '869',
484 verbose headers   'cache-control': 'public, max-age=300',
484 verbose headers   etag: '"7bc19646854852a782b5fbd2d8441ef9"',
484 verbose headers   'last-modified': 'Wed, 29 Apr 2020 14:42:18 GMT',
484 verbose headers   vary: 'Accept-Encoding',
484 verbose headers   'cf-cache-status': 'HIT',
484 verbose headers   'cf-request-id': '03b1c8fc220000db94512f2200000001',
484 verbose headers   'expect-ct': 'max-age=604800, report-uri="https://report-uri.cloudflare.com/cdn-cgi/beacon/expect-ct"',
484 verbose headers   server: 'cloudflare' }
485 silly get cb [ 304,
485 silly get   { date: 'Thu, 02 Jul 2020 15:40:40 GMT',
485 silly get     connection: 'keep-alive',
485 silly get     'set-cookie':
485 silly get      [ '__cfduid=d2ec2574b4d587891efde68ecddb964da1593704440; expires=Sat, 01-Aug-20 15:40:40 GMT; path=/; domain=.npmjs.org; HttpOnly; SameSite=Lax' ],
485 silly get     'cf-ray': '5ac977736dbedb94-GIG',
485 silly get     age: '869',
485 silly get     'cache-control': 'public, max-age=300',
485 silly get     etag: '"7bc19646854852a782b5fbd2d8441ef9"',
485 silly get     'last-modified': 'Wed, 29 Apr 2020 14:42:18 GMT',
485 silly get     vary: 'Accept-Encoding',
485 silly get     'cf-cache-status': 'HIT',
485 silly get     'cf-request-id': '03b1c8fc220000db94512f2200000001',
485 silly get     'expect-ct': 'max-age=604800, report-uri="https://report-uri.cloudflare.com/cdn-cgi/beacon/expect-ct"',
485 silly get     server: 'cloudflare' } ]
486 verbose etag https://registry.npmjs.org/cssstyle from cache
487 verbose get saving cssstyle to /home/abouhid/.npm/registry.npmjs.org/cssstyle/.cache.json
488 http 304 https://registry.npmjs.org/third-party-web
489 verbose headers { date: 'Thu, 02 Jul 2020 15:40:40 GMT',
489 verbose headers   connection: 'keep-alive',
489 verbose headers   'set-cookie':
489 verbose headers    [ '__cfduid=da88a88d25fe2cad25dcb19d840f44b081593704440; expires=Sat, 01-Aug-20 15:40:40 GMT; path=/; domain=.npmjs.org; HttpOnly; SameSite=Lax' ],
489 verbose headers   'cf-ray': '5ac977736db109e0-GIG',
489 verbose headers   age: '151',
489 verbose headers   'cache-control': 'public, max-age=300',
489 verbose headers   etag: '"973c9bc648e5184b20691578737f554b"',
489 verbose headers   'last-modified': 'Sat, 20 Jun 2020 20:50:23 GMT',
489 verbose headers   vary: 'Accept-Encoding',
489 verbose headers   'cf-cache-status': 'HIT',
489 verbose headers   'cf-request-id': '03b1c8fc24000009e0d0070200000001',
489 verbose headers   'expect-ct': 'max-age=604800, report-uri="https://report-uri.cloudflare.com/cdn-cgi/beacon/expect-ct"',
489 verbose headers   server: 'cloudflare' }
490 silly get cb [ 304,
490 silly get   { date: 'Thu, 02 Jul 2020 15:40:40 GMT',
490 silly get     connection: 'keep-alive',
490 silly get     'set-cookie':
490 silly get      [ '__cfduid=da88a88d25fe2cad25dcb19d840f44b081593704440; expires=Sat, 01-Aug-20 15:40:40 GMT; path=/; domain=.npmjs.org; HttpOnly; SameSite=Lax' ],
490 silly get     'cf-ray': '5ac977736db109e0-GIG',
490 silly get     age: '151',
490 silly get     'cache-control': 'public, max-age=300',
490 silly get     etag: '"973c9bc648e5184b20691578737f554b"',
490 silly get     'last-modified': 'Sat, 20 Jun 2020 20:50:23 GMT',
490 silly get     vary: 'Accept-Encoding',
490 silly get     'cf-cache-status': 'HIT',
490 silly get     'cf-request-id': '03b1c8fc24000009e0d0070200000001',
490 silly get     'expect-ct': 'max-age=604800, report-uri="https://report-uri.cloudflare.com/cdn-cgi/beacon/expect-ct"',
490 silly get     server: 'cloudflare' } ]
491 verbose etag https://registry.npmjs.org/third-party-web from cache
492 verbose get saving third-party-web to /home/abouhid/.npm/registry.npmjs.org/third-party-web/.cache.json
493 http 304 https://registry.npmjs.org/speedline-core
494 verbose headers { date: 'Thu, 02 Jul 2020 15:40:40 GMT',
494 verbose headers   connection: 'keep-alive',
494 verbose headers   'set-cookie':
494 verbose headers    [ '__cfduid=d037c6570d631906a174b5c61efac69261593704440; expires=Sat, 01-Aug-20 15:40:40 GMT; path=/; domain=.npmjs.org; HttpOnly; SameSite=Lax' ],
494 verbose headers   'cf-ray': '5ac977736f5409e8-GIG',
494 verbose headers   age: '151',
494 verbose headers   'cache-control': 'public, max-age=300',
494 verbose headers   etag: '"4477e334e3d5c8295a1bf4dc6c86c973"',
494 verbose headers   'last-modified': 'Thu, 20 Sep 2018 03:02:47 GMT',
494 verbose headers   vary: 'Accept-Encoding',
494 verbose headers   'cf-cache-status': 'HIT',
494 verbose headers   'cf-request-id': '03b1c8fc22000009e8ad261200000001',
494 verbose headers   'expect-ct': 'max-age=604800, report-uri="https://report-uri.cloudflare.com/cdn-cgi/beacon/expect-ct"',
494 verbose headers   server: 'cloudflare' }
495 silly get cb [ 304,
495 silly get   { date: 'Thu, 02 Jul 2020 15:40:40 GMT',
495 silly get     connection: 'keep-alive',
495 silly get     'set-cookie':
495 silly get      [ '__cfduid=d037c6570d631906a174b5c61efac69261593704440; expires=Sat, 01-Aug-20 15:40:40 GMT; path=/; domain=.npmjs.org; HttpOnly; SameSite=Lax' ],
495 silly get     'cf-ray': '5ac977736f5409e8-GIG',
495 silly get     age: '151',
495 silly get     'cache-control': 'public, max-age=300',
495 silly get     etag: '"4477e334e3d5c8295a1bf4dc6c86c973"',
495 silly get     'last-modified': 'Thu, 20 Sep 2018 03:02:47 GMT',
495 silly get     vary: 'Accept-Encoding',
495 silly get     'cf-cache-status': 'HIT',
495 silly get     'cf-request-id': '03b1c8fc22000009e8ad261200000001',
495 silly get     'expect-ct': 'max-age=604800, report-uri="https://report-uri.cloudflare.com/cdn-cgi/beacon/expect-ct"',
495 silly get     server: 'cloudflare' } ]
496 verbose etag https://registry.npmjs.org/speedline-core from cache
497 verbose get saving speedline-core to /home/abouhid/.npm/registry.npmjs.org/speedline-core/.cache.json
498 http 304 https://registry.npmjs.org/jsonlint-mod
499 verbose headers { date: 'Thu, 02 Jul 2020 15:40:40 GMT',
499 verbose headers   connection: 'keep-alive',
499 verbose headers   'set-cookie':
499 verbose headers    [ '__cfduid=d9fece5737ce4e68ab2ce790a773b51101593704440; expires=Sat, 01-Aug-20 15:40:40 GMT; path=/; domain=.npmjs.org; HttpOnly; SameSite=Lax' ],
499 verbose headers   'cf-ray': '5ac977736f7ef867-GIG',
499 verbose headers   age: '151',
499 verbose headers   'cache-control': 'public, max-age=300',
499 verbose headers   etag: '"a85f980d521a22f1c00bfa3d2fb9b6ff"',
499 verbose headers   'last-modified': 'Fri, 26 Jul 2019 14:48:59 GMT',
499 verbose headers   vary: 'Accept-Encoding',
499 verbose headers   'cf-cache-status': 'HIT',
499 verbose headers   'cf-request-id': '03b1c8fc230000f8675b167200000001',
499 verbose headers   'expect-ct': 'max-age=604800, report-uri="https://report-uri.cloudflare.com/cdn-cgi/beacon/expect-ct"',
499 verbose headers   server: 'cloudflare' }
500 silly get cb [ 304,
500 silly get   { date: 'Thu, 02 Jul 2020 15:40:40 GMT',
500 silly get     connection: 'keep-alive',
500 silly get     'set-cookie':
500 silly get      [ '__cfduid=d9fece5737ce4e68ab2ce790a773b51101593704440; expires=Sat, 01-Aug-20 15:40:40 GMT; path=/; domain=.npmjs.org; HttpOnly; SameSite=Lax' ],
500 silly get     'cf-ray': '5ac977736f7ef867-GIG',
500 silly get     age: '151',
500 silly get     'cache-control': 'public, max-age=300',
500 silly get     etag: '"a85f980d521a22f1c00bfa3d2fb9b6ff"',
500 silly get     'last-modified': 'Fri, 26 Jul 2019 14:48:59 GMT',
500 silly get     vary: 'Accept-Encoding',
500 silly get     'cf-cache-status': 'HIT',
500 silly get     'cf-request-id': '03b1c8fc230000f8675b167200000001',
500 silly get     'expect-ct': 'max-age=604800, report-uri="https://report-uri.cloudflare.com/cdn-cgi/beacon/expect-ct"',
500 silly get     server: 'cloudflare' } ]
501 verbose etag https://registry.npmjs.org/jsonlint-mod from cache
502 verbose get saving jsonlint-mod to /home/abouhid/.npm/registry.npmjs.org/jsonlint-mod/.cache.json
503 http 304 https://registry.npmjs.org/jpeg-js
504 verbose headers { date: 'Thu, 02 Jul 2020 15:40:40 GMT',
504 verbose headers   connection: 'keep-alive',
504 verbose headers   'set-cookie':
504 verbose headers    [ '__cfduid=ded45ec86d9e93760507db64f826a7edc1593704440; expires=Sat, 01-Aug-20 15:40:40 GMT; path=/; domain=.npmjs.org; HttpOnly; SameSite=Lax' ],
504 verbose headers   'cf-ray': '5ac977736802db9c-GIG',
504 verbose headers   age: '5323',
504 verbose headers   'cache-control': 'public, max-age=300',
504 verbose headers   etag: '"2a68502b38402bc83d4133ce44e511b8"',
504 verbose headers   'last-modified': 'Sat, 27 Jun 2020 14:49:11 GMT',
504 verbose headers   vary: 'Accept-Encoding',
504 verbose headers   'cf-cache-status': 'HIT',
504 verbose headers   'cf-request-id': '03b1c8fc1d0000db9c2e1c0200000001',
504 verbose headers   'expect-ct': 'max-age=604800, report-uri="https://report-uri.cloudflare.com/cdn-cgi/beacon/expect-ct"',
504 verbose headers   server: 'cloudflare' }
505 silly get cb [ 304,
505 silly get   { date: 'Thu, 02 Jul 2020 15:40:40 GMT',
505 silly get     connection: 'keep-alive',
505 silly get     'set-cookie':
505 silly get      [ '__cfduid=ded45ec86d9e93760507db64f826a7edc1593704440; expires=Sat, 01-Aug-20 15:40:40 GMT; path=/; domain=.npmjs.org; HttpOnly; SameSite=Lax' ],
505 silly get     'cf-ray': '5ac977736802db9c-GIG',
505 silly get     age: '5323',
505 silly get     'cache-control': 'public, max-age=300',
505 silly get     etag: '"2a68502b38402bc83d4133ce44e511b8"',
505 silly get     'last-modified': 'Sat, 27 Jun 2020 14:49:11 GMT',
505 silly get     vary: 'Accept-Encoding',
505 silly get     'cf-cache-status': 'HIT',
505 silly get     'cf-request-id': '03b1c8fc1d0000db9c2e1c0200000001',
505 silly get     'expect-ct': 'max-age=604800, report-uri="https://report-uri.cloudflare.com/cdn-cgi/beacon/expect-ct"',
505 silly get     server: 'cloudflare' } ]
506 verbose etag https://registry.npmjs.org/jpeg-js from cache
507 verbose get saving jpeg-js to /home/abouhid/.npm/registry.npmjs.org/jpeg-js/.cache.json
508 http 304 https://registry.npmjs.org/ws
509 verbose headers { date: 'Thu, 02 Jul 2020 15:40:40 GMT',
509 verbose headers   connection: 'keep-alive',
509 verbose headers   'set-cookie':
509 verbose headers    [ '__cfduid=da88a88d25fe2cad25dcb19d840f44b081593704440; expires=Sat, 01-Aug-20 15:40:40 GMT; path=/; domain=.npmjs.org; HttpOnly; SameSite=Lax' ],
509 verbose headers   'cf-ray': '5ac977736dad09e0-GIG',
509 verbose headers   age: '3147',
509 verbose headers   'cache-control': 'public, max-age=300',
509 verbose headers   etag: '"4e41c894dbffb43e6fd7a6a10a11349f"',
509 verbose headers   'last-modified': 'Sun, 10 May 2020 05:36:45 GMT',
509 verbose headers   vary: 'Accept-Encoding',
509 verbose headers   'cf-cache-status': 'HIT',
509 verbose headers   'cf-request-id': '03b1c8fc22000009e0ba154200000001',
509 verbose headers   'expect-ct': 'max-age=604800, report-uri="https://report-uri.cloudflare.com/cdn-cgi/beacon/expect-ct"',
509 verbose headers   server: 'cloudflare' }
510 silly get cb [ 304,
510 silly get   { date: 'Thu, 02 Jul 2020 15:40:40 GMT',
510 silly get     connection: 'keep-alive',
510 silly get     'set-cookie':
510 silly get      [ '__cfduid=da88a88d25fe2cad25dcb19d840f44b081593704440; expires=Sat, 01-Aug-20 15:40:40 GMT; path=/; domain=.npmjs.org; HttpOnly; SameSite=Lax' ],
510 silly get     'cf-ray': '5ac977736dad09e0-GIG',
510 silly get     age: '3147',
510 silly get     'cache-control': 'public, max-age=300',
510 silly get     etag: '"4e41c894dbffb43e6fd7a6a10a11349f"',
510 silly get     'last-modified': 'Sun, 10 May 2020 05:36:45 GMT',
510 silly get     vary: 'Accept-Encoding',
510 silly get     'cf-cache-status': 'HIT',
510 silly get     'cf-request-id': '03b1c8fc22000009e0ba154200000001',
510 silly get     'expect-ct': 'max-age=604800, report-uri="https://report-uri.cloudflare.com/cdn-cgi/beacon/expect-ct"',
510 silly get     server: 'cloudflare' } ]
511 verbose etag https://registry.npmjs.org/ws from cache
512 verbose get saving ws to /home/abouhid/.npm/registry.npmjs.org/ws/.cache.json
513 http 304 https://registry.npmjs.org/semver
514 verbose headers { date: 'Thu, 02 Jul 2020 15:40:40 GMT',
514 verbose headers   connection: 'keep-alive',
514 verbose headers   'set-cookie':
514 verbose headers    [ '__cfduid=d0f62b8497c5312dfc84eef18928049071593704440; expires=Sat, 01-Aug-20 15:40:40 GMT; path=/; domain=.npmjs.org; HttpOnly; SameSite=Lax' ],
514 verbose headers   'cf-ray': '5ac977736e15f84f-GIG',
514 verbose headers   age: '4202',
514 verbose headers   'cache-control': 'public, max-age=300',
514 verbose headers   etag: '"59092b50da42b51921689e4ee32cf7b6"',
514 verbose headers   'last-modified': 'Fri, 26 Jun 2020 20:54:16 GMT',
514 verbose headers   vary: 'Accept-Encoding',
514 verbose headers   'cf-cache-status': 'HIT',
514 verbose headers   'cf-request-id': '03b1c8fc220000f84f73208200000001',
514 verbose headers   'expect-ct': 'max-age=604800, report-uri="https://report-uri.cloudflare.com/cdn-cgi/beacon/expect-ct"',
514 verbose headers   server: 'cloudflare' }
515 silly get cb [ 304,
515 silly get   { date: 'Thu, 02 Jul 2020 15:40:40 GMT',
515 silly get     connection: 'keep-alive',
515 silly get     'set-cookie':
515 silly get      [ '__cfduid=d0f62b8497c5312dfc84eef18928049071593704440; expires=Sat, 01-Aug-20 15:40:40 GMT; path=/; domain=.npmjs.org; HttpOnly; SameSite=Lax' ],
515 silly get     'cf-ray': '5ac977736e15f84f-GIG',
515 silly get     age: '4202',
515 silly get     'cache-control': 'public, max-age=300',
515 silly get     etag: '"59092b50da42b51921689e4ee32cf7b6"',
515 silly get     'last-modified': 'Fri, 26 Jun 2020 20:54:16 GMT',
515 silly get     vary: 'Accept-Encoding',
515 silly get     'cf-cache-status': 'HIT',
515 silly get     'cf-request-id': '03b1c8fc220000f84f73208200000001',
515 silly get     'expect-ct': 'max-age=604800, report-uri="https://report-uri.cloudflare.com/cdn-cgi/beacon/expect-ct"',
515 silly get     server: 'cloudflare' } ]
516 verbose etag https://registry.npmjs.org/semver from cache
517 verbose get saving semver to /home/abouhid/.npm/registry.npmjs.org/semver/.cache.json
518 http 304 https://registry.npmjs.org/metaviewport-parser
519 verbose headers { date: 'Thu, 02 Jul 2020 15:40:40 GMT',
519 verbose headers   connection: 'keep-alive',
519 verbose headers   'set-cookie':
519 verbose headers    [ '__cfduid=da88a88d25fe2cad25dcb19d840f44b081593704440; expires=Sat, 01-Aug-20 15:40:40 GMT; path=/; domain=.npmjs.org; HttpOnly; SameSite=Lax' ],
519 verbose headers   'cf-ray': '5ac977736db309e0-GIG',
519 verbose headers   age: '151',
519 verbose headers   'cache-control': 'public, max-age=300',
519 verbose headers   etag: '"dd00aa406ba3aa8ce688f5c9cae4583d"',
519 verbose headers   'last-modified': 'Sun, 27 May 2018 07:56:37 GMT',
519 verbose headers   vary: 'Accept-Encoding',
519 verbose headers   'cf-cache-status': 'HIT',
519 verbose headers   'cf-request-id': '03b1c8fc24000009e0c60d4200000001',
519 verbose headers   'expect-ct': 'max-age=604800, report-uri="https://report-uri.cloudflare.com/cdn-cgi/beacon/expect-ct"',
519 verbose headers   server: 'cloudflare' }
520 silly get cb [ 304,
520 silly get   { date: 'Thu, 02 Jul 2020 15:40:40 GMT',
520 silly get     connection: 'keep-alive',
520 silly get     'set-cookie':
520 silly get      [ '__cfduid=da88a88d25fe2cad25dcb19d840f44b081593704440; expires=Sat, 01-Aug-20 15:40:40 GMT; path=/; domain=.npmjs.org; HttpOnly; SameSite=Lax' ],
520 silly get     'cf-ray': '5ac977736db309e0-GIG',
520 silly get     age: '151',
520 silly get     'cache-control': 'public, max-age=300',
520 silly get     etag: '"dd00aa406ba3aa8ce688f5c9cae4583d"',
520 silly get     'last-modified': 'Sun, 27 May 2018 07:56:37 GMT',
520 silly get     vary: 'Accept-Encoding',
520 silly get     'cf-cache-status': 'HIT',
520 silly get     'cf-request-id': '03b1c8fc24000009e0c60d4200000001',
520 silly get     'expect-ct': 'max-age=604800, report-uri="https://report-uri.cloudflare.com/cdn-cgi/beacon/expect-ct"',
520 silly get     server: 'cloudflare' } ]
521 verbose etag https://registry.npmjs.org/metaviewport-parser from cache
522 verbose get saving metaviewport-parser to /home/abouhid/.npm/registry.npmjs.org/metaviewport-parser/.cache.json
523 http 304 https://registry.npmjs.org/rimraf
524 verbose headers { date: 'Thu, 02 Jul 2020 15:40:40 GMT',
524 verbose headers   connection: 'keep-alive',
524 verbose headers   'set-cookie':
524 verbose headers    [ '__cfduid=d5fc21b6e7a4ebe5f078fefe19edc80261593704440; expires=Sat, 01-Aug-20 15:40:40 GMT; path=/; domain=.npmjs.org; HttpOnly; SameSite=Lax' ],
524 verbose headers   'cf-ray': '5ac977736f7e09fc-GIG',
524 verbose headers   age: '4472',
524 verbose headers   'cache-control': 'public, max-age=300',
524 verbose headers   etag: '"a965d56367ab538fdf9c006898ee078b"',
524 verbose headers   'last-modified': 'Sun, 09 Feb 2020 06:18:41 GMT',
524 verbose headers   vary: 'Accept-Encoding',
524 verbose headers   'cf-cache-status': 'HIT',
524 verbose headers   'cf-request-id': '03b1c8fc1e000009fc67830200000001',
524 verbose headers   'expect-ct': 'max-age=604800, report-uri="https://report-uri.cloudflare.com/cdn-cgi/beacon/expect-ct"',
524 verbose headers   server: 'cloudflare' }
525 silly get cb [ 304,
525 silly get   { date: 'Thu, 02 Jul 2020 15:40:40 GMT',
525 silly get     connection: 'keep-alive',
525 silly get     'set-cookie':
525 silly get      [ '__cfduid=d5fc21b6e7a4ebe5f078fefe19edc80261593704440; expires=Sat, 01-Aug-20 15:40:40 GMT; path=/; domain=.npmjs.org; HttpOnly; SameSite=Lax' ],
525 silly get     'cf-ray': '5ac977736f7e09fc-GIG',
525 silly get     age: '4472',
525 silly get     'cache-control': 'public, max-age=300',
525 silly get     etag: '"a965d56367ab538fdf9c006898ee078b"',
525 silly get     'last-modified': 'Sun, 09 Feb 2020 06:18:41 GMT',
525 silly get     vary: 'Accept-Encoding',
525 silly get     'cf-cache-status': 'HIT',
525 silly get     'cf-request-id': '03b1c8fc1e000009fc67830200000001',
525 silly get     'expect-ct': 'max-age=604800, report-uri="https://report-uri.cloudflare.com/cdn-cgi/beacon/expect-ct"',
525 silly get     server: 'cloudflare' } ]
526 verbose etag https://registry.npmjs.org/rimraf from cache
527 verbose get saving rimraf to /home/abouhid/.npm/registry.npmjs.org/rimraf/.cache.json
528 http 304 https://registry.npmjs.org/yargs
529 verbose headers { date: 'Thu, 02 Jul 2020 15:40:40 GMT',
529 verbose headers   connection: 'keep-alive',
529 verbose headers   'set-cookie':
529 verbose headers    [ '__cfduid=dc1c27662c1fad4400e91d0168e84684f1593704440; expires=Sat, 01-Aug-20 15:40:40 GMT; path=/; domain=.npmjs.org; HttpOnly; SameSite=Lax' ],
529 verbose headers   'cf-ray': '5ac977736a8c09dc-GIG',
529 verbose headers   age: '4000',
529 verbose headers   'cache-control': 'public, max-age=300',
529 verbose headers   etag: '"45ede84e6b2109e05af868e99e01a621"',
529 verbose headers   'last-modified': 'Wed, 01 Jul 2020 05:05:35 GMT',
529 verbose headers   vary: 'Accept-Encoding',
529 verbose headers   'cf-cache-status': 'HIT',
529 verbose headers   'cf-request-id': '03b1c8fc25000009dc3912c200000001',
529 verbose headers   'expect-ct': 'max-age=604800, report-uri="https://report-uri.cloudflare.com/cdn-cgi/beacon/expect-ct"',
529 verbose headers   server: 'cloudflare' }
530 silly get cb [ 304,
530 silly get   { date: 'Thu, 02 Jul 2020 15:40:40 GMT',
530 silly get     connection: 'keep-alive',
530 silly get     'set-cookie':
530 silly get      [ '__cfduid=dc1c27662c1fad4400e91d0168e84684f1593704440; expires=Sat, 01-Aug-20 15:40:40 GMT; path=/; domain=.npmjs.org; HttpOnly; SameSite=Lax' ],
530 silly get     'cf-ray': '5ac977736a8c09dc-GIG',
530 silly get     age: '4000',
530 silly get     'cache-control': 'public, max-age=300',
530 silly get     etag: '"45ede84e6b2109e05af868e99e01a621"',
530 silly get     'last-modified': 'Wed, 01 Jul 2020 05:05:35 GMT',
530 silly get     vary: 'Accept-Encoding',
530 silly get     'cf-cache-status': 'HIT',
530 silly get     'cf-request-id': '03b1c8fc25000009dc3912c200000001',
530 silly get     'expect-ct': 'max-age=604800, report-uri="https://report-uri.cloudflare.com/cdn-cgi/beacon/expect-ct"',
530 silly get     server: 'cloudflare' } ]
531 verbose etag https://registry.npmjs.org/yargs from cache
532 verbose get saving yargs to /home/abouhid/.npm/registry.npmjs.org/yargs/.cache.json
533 http 304 https://registry.npmjs.org/http-link-header
534 verbose headers { date: 'Thu, 02 Jul 2020 15:40:40 GMT',
534 verbose headers   connection: 'keep-alive',
534 verbose headers   'set-cookie':
534 verbose headers    [ '__cfduid=d0f62b8497c5312dfc84eef18928049071593704440; expires=Sat, 01-Aug-20 15:40:40 GMT; path=/; domain=.npmjs.org; HttpOnly; SameSite=Lax' ],
534 verbose headers   'cf-ray': '5ac977736e08f84f-GIG',
534 verbose headers   age: '151',
534 verbose headers   'cache-control': 'public, max-age=300',
534 verbose headers   etag: '"9e8d0ac81d2e84c671111a0293da1fcc"',
534 verbose headers   'last-modified': 'Fri, 04 Jan 2019 03:38:00 GMT',
534 verbose headers   vary: 'Accept-Encoding',
534 verbose headers   'cf-cache-status': 'HIT',
534 verbose headers   'cf-request-id': '03b1c8fc1d0000f84f79838200000001',
534 verbose headers   'expect-ct': 'max-age=604800, report-uri="https://report-uri.cloudflare.com/cdn-cgi/beacon/expect-ct"',
534 verbose headers   server: 'cloudflare' }
535 silly get cb [ 304,
535 silly get   { date: 'Thu, 02 Jul 2020 15:40:40 GMT',
535 silly get     connection: 'keep-alive',
535 silly get     'set-cookie':
535 silly get      [ '__cfduid=d0f62b8497c5312dfc84eef18928049071593704440; expires=Sat, 01-Aug-20 15:40:40 GMT; path=/; domain=.npmjs.org; HttpOnly; SameSite=Lax' ],
535 silly get     'cf-ray': '5ac977736e08f84f-GIG',
535 silly get     age: '151',
535 silly get     'cache-control': 'public, max-age=300',
535 silly get     etag: '"9e8d0ac81d2e84c671111a0293da1fcc"',
535 silly get     'last-modified': 'Fri, 04 Jan 2019 03:38:00 GMT',
535 silly get     vary: 'Accept-Encoding',
535 silly get     'cf-cache-status': 'HIT',
535 silly get     'cf-request-id': '03b1c8fc1d0000f84f79838200000001',
535 silly get     'expect-ct': 'max-age=604800, report-uri="https://report-uri.cloudflare.com/cdn-cgi/beacon/expect-ct"',
535 silly get     server: 'cloudflare' } ]
536 verbose etag https://registry.npmjs.org/http-link-header from cache
537 verbose get saving http-link-header to /home/abouhid/.npm/registry.npmjs.org/http-link-header/.cache.json
538 http 304 https://registry.npmjs.org/lodash.isequal
539 verbose headers { date: 'Thu, 02 Jul 2020 15:40:40 GMT',
539 verbose headers   connection: 'keep-alive',
539 verbose headers   'set-cookie':
539 verbose headers    [ '__cfduid=d9fece5737ce4e68ab2ce790a773b51101593704440; expires=Sat, 01-Aug-20 15:40:40 GMT; path=/; domain=.npmjs.org; HttpOnly; SameSite=Lax' ],
539 verbose headers   'cf-ray': '5ac977736f7cf867-GIG',
539 verbose headers   age: '2548',
539 verbose headers   'cache-control': 'public, max-age=300',
539 verbose headers   etag: '"a7a2689de69ea69094bf3204c851812b"',
539 verbose headers   'last-modified': 'Sun, 27 May 2018 06:58:37 GMT',
539 verbose headers   vary: 'Accept-Encoding',
539 verbose headers   'cf-cache-status': 'HIT',
539 verbose headers   'cf-request-id': '03b1c8fc220000f8675b166200000001',
539 verbose headers   'expect-ct': 'max-age=604800, report-uri="https://report-uri.cloudflare.com/cdn-cgi/beacon/expect-ct"',
539 verbose headers   server: 'cloudflare' }
540 silly get cb [ 304,
540 silly get   { date: 'Thu, 02 Jul 2020 15:40:40 GMT',
540 silly get     connection: 'keep-alive',
540 silly get     'set-cookie':
540 silly get      [ '__cfduid=d9fece5737ce4e68ab2ce790a773b51101593704440; expires=Sat, 01-Aug-20 15:40:40 GMT; path=/; domain=.npmjs.org; HttpOnly; SameSite=Lax' ],
540 silly get     'cf-ray': '5ac977736f7cf867-GIG',
540 silly get     age: '2548',
540 silly get     'cache-control': 'public, max-age=300',
540 silly get     etag: '"a7a2689de69ea69094bf3204c851812b"',
540 silly get     'last-modified': 'Sun, 27 May 2018 06:58:37 GMT',
540 silly get     vary: 'Accept-Encoding',
540 silly get     'cf-cache-status': 'HIT',
540 silly get     'cf-request-id': '03b1c8fc220000f8675b166200000001',
540 silly get     'expect-ct': 'max-age=604800, report-uri="https://report-uri.cloudflare.com/cdn-cgi/beacon/expect-ct"',
540 silly get     server: 'cloudflare' } ]
541 verbose etag https://registry.npmjs.org/lodash.isequal from cache
542 verbose get saving lodash.isequal to /home/abouhid/.npm/registry.npmjs.org/lodash.isequal/.cache.json
543 http 304 https://registry.npmjs.org/robots-parser
544 verbose headers { date: 'Thu, 02 Jul 2020 15:40:40 GMT',
544 verbose headers   connection: 'keep-alive',
544 verbose headers   'set-cookie':
544 verbose headers    [ '__cfduid=d95e0ab6686cb1d0b58eddcc084d513611593704440; expires=Sat, 01-Aug-20 15:40:40 GMT; path=/; domain=.npmjs.org; HttpOnly; SameSite=Lax' ],
544 verbose headers   'cf-ray': '5ac977736bbfdb78-GIG',
544 verbose headers   age: '151',
544 verbose headers   'cache-control': 'public, max-age=300',
544 verbose headers   etag: '"e452849dde364c927648ee43e26ceb31"',
544 verbose headers   'last-modified': 'Sat, 05 Jan 2019 10:10:39 GMT',
544 verbose headers   vary: 'Accept-Encoding',
544 verbose headers   'cf-cache-status': 'HIT',
544 verbose headers   'cf-request-id': '03b1c8fc230000db781c3ec200000001',
544 verbose headers   'expect-ct': 'max-age=604800, report-uri="https://report-uri.cloudflare.com/cdn-cgi/beacon/expect-ct"',
544 verbose headers   server: 'cloudflare' }
545 silly get cb [ 304,
545 silly get   { date: 'Thu, 02 Jul 2020 15:40:40 GMT',
545 silly get     connection: 'keep-alive',
545 silly get     'set-cookie':
545 silly get      [ '__cfduid=d95e0ab6686cb1d0b58eddcc084d513611593704440; expires=Sat, 01-Aug-20 15:40:40 GMT; path=/; domain=.npmjs.org; HttpOnly; SameSite=Lax' ],
545 silly get     'cf-ray': '5ac977736bbfdb78-GIG',
545 silly get     age: '151',
545 silly get     'cache-control': 'public, max-age=300',
545 silly get     etag: '"e452849dde364c927648ee43e26ceb31"',
545 silly get     'last-modified': 'Sat, 05 Jan 2019 10:10:39 GMT',
545 silly get     vary: 'Accept-Encoding',
545 silly get     'cf-cache-status': 'HIT',
545 silly get     'cf-request-id': '03b1c8fc230000db781c3ec200000001',
545 silly get     'expect-ct': 'max-age=604800, report-uri="https://report-uri.cloudflare.com/cdn-cgi/beacon/expect-ct"',
545 silly get     server: 'cloudflare' } ]
546 verbose etag https://registry.npmjs.org/robots-parser from cache
547 verbose get saving robots-parser to /home/abouhid/.npm/registry.npmjs.org/robots-parser/.cache.json
548 http 304 https://registry.npmjs.org/jsonld
549 verbose headers { date: 'Thu, 02 Jul 2020 15:40:40 GMT',
549 verbose headers   connection: 'keep-alive',
549 verbose headers   'set-cookie':
549 verbose headers    [ '__cfduid=d58bc13c8c76cd883a7f893a22167692a1593704440; expires=Sat, 01-Aug-20 15:40:40 GMT; path=/; domain=.npmjs.org; HttpOnly; SameSite=Lax' ],
549 verbose headers   'cf-ray': '5ac977736b2909c4-GIG',
549 verbose headers   age: '151',
549 verbose headers   'cache-control': 'public, max-age=300',
549 verbose headers   etag: '"7d1a79bee2ff0dc59453bd2c25855810"',
549 verbose headers   'last-modified': 'Fri, 22 May 2020 21:55:03 GMT',
549 verbose headers   vary: 'Accept-Encoding',
549 verbose headers   'cf-cache-status': 'HIT',
549 verbose headers   'cf-request-id': '03b1c8fc22000009c41c907200000001',
549 verbose headers   'expect-ct': 'max-age=604800, report-uri="https://report-uri.cloudflare.com/cdn-cgi/beacon/expect-ct"',
549 verbose headers   server: 'cloudflare' }
550 silly get cb [ 304,
550 silly get   { date: 'Thu, 02 Jul 2020 15:40:40 GMT',
550 silly get     connection: 'keep-alive',
550 silly get     'set-cookie':
550 silly get      [ '__cfduid=d58bc13c8c76cd883a7f893a22167692a1593704440; expires=Sat, 01-Aug-20 15:40:40 GMT; path=/; domain=.npmjs.org; HttpOnly; SameSite=Lax' ],
550 silly get     'cf-ray': '5ac977736b2909c4-GIG',
550 silly get     age: '151',
550 silly get     'cache-control': 'public, max-age=300',
550 silly get     etag: '"7d1a79bee2ff0dc59453bd2c25855810"',
550 silly get     'last-modified': 'Fri, 22 May 2020 21:55:03 GMT',
550 silly get     vary: 'Accept-Encoding',
550 silly get     'cf-cache-status': 'HIT',
550 silly get     'cf-request-id': '03b1c8fc22000009c41c907200000001',
550 silly get     'expect-ct': 'max-age=604800, report-uri="https://report-uri.cloudflare.com/cdn-cgi/beacon/expect-ct"',
550 silly get     server: 'cloudflare' } ]
551 verbose etag https://registry.npmjs.org/jsonld from cache
552 verbose get saving jsonld to /home/abouhid/.npm/registry.npmjs.org/jsonld/.cache.json
553 http 304 https://registry.npmjs.org/lighthouse-logger
554 verbose headers { date: 'Thu, 02 Jul 2020 15:40:40 GMT',
554 verbose headers   connection: 'keep-alive',
554 verbose headers   'set-cookie':
554 verbose headers    [ '__cfduid=d829b8866e0e4cdf06bde63de2597ee291593704440; expires=Sat, 01-Aug-20 15:40:40 GMT; path=/; domain=.npmjs.org; HttpOnly; SameSite=Lax' ],
554 verbose headers   'cf-ray': '5ac977736cd1dba0-GIG',
554 verbose headers   age: '151',
554 verbose headers   'cache-control': 'public, max-age=300',
554 verbose headers   etag: '"e3bbb710f85eeb93078791b26a07eb34"',
554 verbose headers   'last-modified': 'Wed, 24 Oct 2018 22:04:34 GMT',
554 verbose headers   vary: 'Accept-Encoding',
554 verbose headers   'cf-cache-status': 'HIT',
554 verbose headers   'cf-request-id': '03b1c8fc220000dba0052fc200000001',
554 verbose headers   'expect-ct': 'max-age=604800, report-uri="https://report-uri.cloudflare.com/cdn-cgi/beacon/expect-ct"',
554 verbose headers   server: 'cloudflare' }
555 silly get cb [ 304,
555 silly get   { date: 'Thu, 02 Jul 2020 15:40:40 GMT',
555 silly get     connection: 'keep-alive',
555 silly get     'set-cookie':
555 silly get      [ '__cfduid=d829b8866e0e4cdf06bde63de2597ee291593704440; expires=Sat, 01-Aug-20 15:40:40 GMT; path=/; domain=.npmjs.org; HttpOnly; SameSite=Lax' ],
555 silly get     'cf-ray': '5ac977736cd1dba0-GIG',
555 silly get     age: '151',
555 silly get     'cache-control': 'public, max-age=300',
555 silly get     etag: '"e3bbb710f85eeb93078791b26a07eb34"',
555 silly get     'last-modified': 'Wed, 24 Oct 2018 22:04:34 GMT',
555 silly get     vary: 'Accept-Encoding',
555 silly get     'cf-cache-status': 'HIT',
555 silly get     'cf-request-id': '03b1c8fc220000dba0052fc200000001',
555 silly get     'expect-ct': 'max-age=604800, report-uri="https://report-uri.cloudflare.com/cdn-cgi/beacon/expect-ct"',
555 silly get     server: 'cloudflare' } ]
556 verbose etag https://registry.npmjs.org/lighthouse-logger from cache
557 verbose get saving lighthouse-logger to /home/abouhid/.npm/registry.npmjs.org/lighthouse-logger/.cache.json
558 http 304 https://registry.npmjs.org/inquirer
559 verbose headers { date: 'Thu, 02 Jul 2020 15:40:40 GMT',
559 verbose headers   connection: 'keep-alive',
559 verbose headers   'set-cookie':
559 verbose headers    [ '__cfduid=d73a718ff276c4fc452880baf8f7b7c711593704440; expires=Sat, 01-Aug-20 15:40:40 GMT; path=/; domain=.npmjs.org; HttpOnly; SameSite=Lax' ],
559 verbose headers   'cf-ray': '5ac977736e87f84b-GIG',
559 verbose headers   age: '4470',
559 verbose headers   'cache-control': 'public, max-age=300',
559 verbose headers   etag: '"e9e2a5690a6b49994dd2d3b6ae0c1fe8"',
559 verbose headers   'last-modified': 'Thu, 02 Jul 2020 04:22:25 GMT',
559 verbose headers   vary: 'Accept-Encoding',
559 verbose headers   'cf-cache-status': 'HIT',
559 verbose headers   'cf-request-id': '03b1c8fc230000f84b142a4200000001',
559 verbose headers   'expect-ct': 'max-age=604800, report-uri="https://report-uri.cloudflare.com/cdn-cgi/beacon/expect-ct"',
559 verbose headers   server: 'cloudflare' }
560 silly get cb [ 304,
560 silly get   { date: 'Thu, 02 Jul 2020 15:40:40 GMT',
560 silly get     connection: 'keep-alive',
560 silly get     'set-cookie':
560 silly get      [ '__cfduid=d73a718ff276c4fc452880baf8f7b7c711593704440; expires=Sat, 01-Aug-20 15:40:40 GMT; path=/; domain=.npmjs.org; HttpOnly; SameSite=Lax' ],
560 silly get     'cf-ray': '5ac977736e87f84b-GIG',
560 silly get     age: '4470',
560 silly get     'cache-control': 'public, max-age=300',
560 silly get     etag: '"e9e2a5690a6b49994dd2d3b6ae0c1fe8"',
560 silly get     'last-modified': 'Thu, 02 Jul 2020 04:22:25 GMT',
560 silly get     vary: 'Accept-Encoding',
560 silly get     'cf-cache-status': 'HIT',
560 silly get     'cf-request-id': '03b1c8fc230000f84b142a4200000001',
560 silly get     'expect-ct': 'max-age=604800, report-uri="https://report-uri.cloudflare.com/cdn-cgi/beacon/expect-ct"',
560 silly get     server: 'cloudflare' } ]
561 verbose etag https://registry.npmjs.org/inquirer from cache
562 verbose get saving inquirer to /home/abouhid/.npm/registry.npmjs.org/inquirer/.cache.json
563 verbose get https://registry.npmjs.org/axe-core not expired, no request
564 silly resolveWithNewModule lookup-closest-locale@6.0.4 checking installable status
565 silly cache add args [ 'lookup-closest-locale@6.0.4', null ]
566 verbose cache add spec lookup-closest-locale@6.0.4
567 silly cache add parsed spec Result {
567 silly cache add   raw: 'lookup-closest-locale@6.0.4',
567 silly cache add   scope: null,
567 silly cache add   name: 'lookup-closest-locale',
567 silly cache add   rawSpec: '6.0.4',
567 silly cache add   spec: '6.0.4',
567 silly cache add   type: 'version' }
568 silly addNamed lookup-closest-locale@6.0.4
569 verbose addNamed "6.0.4" is a plain semver version for lookup-closest-locale
570 silly mapToRegistry name lookup-closest-locale
571 silly mapToRegistry using default registry
572 silly mapToRegistry registry https://registry.npmjs.org/
573 silly mapToRegistry uri https://registry.npmjs.org/lookup-closest-locale
574 verbose addNameVersion registry:https://registry.npmjs.org/lookup-closest-locale not in flight; fetching
575 silly resolveWithNewModule lodash.set@4.3.2 checking installable status
576 silly cache add args [ 'lodash.set@^4.3.2', null ]
577 verbose cache add spec lodash.set@^4.3.2
578 silly cache add parsed spec Result {
578 silly cache add   raw: 'lodash.set@^4.3.2',
578 silly cache add   scope: null,
578 silly cache add   name: 'lodash.set',
578 silly cache add   rawSpec: '^4.3.2',
578 silly cache add   spec: '>=4.3.2 <5.0.0',
578 silly cache add   type: 'range' }
579 silly addNamed lodash.set@>=4.3.2 <5.0.0
580 verbose addNamed ">=4.3.2 <5.0.0" is a valid semver range for lodash.set
581 silly addNameRange { name: 'lodash.set', range: '>=4.3.2 <5.0.0', hasData: false }
582 silly mapToRegistry name lodash.set
583 silly mapToRegistry using default registry
584 silly mapToRegistry registry https://registry.npmjs.org/
585 silly mapToRegistry uri https://registry.npmjs.org/lodash.set
586 verbose addNameRange registry:https://registry.npmjs.org/lodash.set not in flight; fetching
587 silly resolveWithNewModule open@6.4.0 checking installable status
588 silly cache add args [ 'open@^6.4.0', null ]
589 verbose cache add spec open@^6.4.0
590 silly cache add parsed spec Result {
590 silly cache add   raw: 'open@^6.4.0',
590 silly cache add   scope: null,
590 silly cache add   name: 'open',
590 silly cache add   rawSpec: '^6.4.0',
590 silly cache add   spec: '>=6.4.0 <7.0.0',
590 silly cache add   type: 'range' }
591 silly addNamed open@>=6.4.0 <7.0.0
592 verbose addNamed ">=6.4.0 <7.0.0" is a valid semver range for open
593 silly addNameRange { name: 'open', range: '>=6.4.0 <7.0.0', hasData: false }
594 silly mapToRegistry name open
595 silly mapToRegistry using default registry
596 silly mapToRegistry registry https://registry.npmjs.org/
597 silly mapToRegistry uri https://registry.npmjs.org/open
598 verbose addNameRange registry:https://registry.npmjs.org/open not in flight; fetching
599 silly resolveWithNewModule chrome-launcher@0.13.3 checking installable status
600 silly cache add args [ 'chrome-launcher@^0.13.3', null ]
601 verbose cache add spec chrome-launcher@^0.13.3
602 silly cache add parsed spec Result {
602 silly cache add   raw: 'chrome-launcher@^0.13.3',
602 silly cache add   scope: null,
602 silly cache add   name: 'chrome-launcher',
602 silly cache add   rawSpec: '^0.13.3',
602 silly cache add   spec: '>=0.13.3 <0.14.0',
602 silly cache add   type: 'range' }
603 silly addNamed chrome-launcher@>=0.13.3 <0.14.0
604 verbose addNamed ">=0.13.3 <0.14.0" is a valid semver range for chrome-launcher
605 silly addNameRange { name: 'chrome-launcher',
605 silly addNameRange   range: '>=0.13.3 <0.14.0',
605 silly addNameRange   hasData: false }
606 silly mapToRegistry name chrome-launcher
607 silly mapToRegistry using default registry
608 silly mapToRegistry registry https://registry.npmjs.org/
609 silly mapToRegistry uri https://registry.npmjs.org/chrome-launcher
610 verbose addNameRange registry:https://registry.npmjs.org/chrome-launcher not in flight; fetching
611 silly resolveWithNewModule parse-cache-control@1.0.1 checking installable status
612 silly cache add args [ 'parse-cache-control@1.0.1', null ]
613 verbose cache add spec parse-cache-control@1.0.1
614 silly cache add parsed spec Result {
614 silly cache add   raw: 'parse-cache-control@1.0.1',
614 silly cache add   scope: null,
614 silly cache add   name: 'parse-cache-control',
614 silly cache add   rawSpec: '1.0.1',
614 silly cache add   spec: '1.0.1',
614 silly cache add   type: 'version' }
615 silly addNamed parse-cache-control@1.0.1
616 verbose addNamed "1.0.1" is a plain semver version for parse-cache-control
617 silly mapToRegistry name parse-cache-control
618 silly mapToRegistry using default registry
619 silly mapToRegistry registry https://registry.npmjs.org/
620 silly mapToRegistry uri https://registry.npmjs.org/parse-cache-control
621 verbose addNameVersion registry:https://registry.npmjs.org/parse-cache-control not in flight; fetching
622 silly resolveWithNewModule raven@2.6.4 checking installable status
623 silly cache add args [ 'raven@^2.2.1', null ]
624 verbose cache add spec raven@^2.2.1
625 silly cache add parsed spec Result {
625 silly cache add   raw: 'raven@^2.2.1',
625 silly cache add   scope: null,
625 silly cache add   name: 'raven',
625 silly cache add   rawSpec: '^2.2.1',
625 silly cache add   spec: '>=2.2.1 <3.0.0',
625 silly cache add   type: 'range' }
626 silly addNamed raven@>=2.2.1 <3.0.0
627 verbose addNamed ">=2.2.1 <3.0.0" is a valid semver range for raven
628 silly addNameRange { name: 'raven', range: '>=2.2.1 <3.0.0', hasData: false }
629 silly mapToRegistry name raven
630 silly mapToRegistry using default registry
631 silly mapToRegistry registry https://registry.npmjs.org/
632 silly mapToRegistry uri https://registry.npmjs.org/raven
633 verbose addNameRange registry:https://registry.npmjs.org/raven not in flight; fetching
634 verbose stack Error: Missing required argument #1
634 verbose stack     at andLogAndFinish (/usr/share/npm/lib/fetch-package-metadata.js:31:3)
634 verbose stack     at fetchPackageMetadata (/usr/share/npm/lib/fetch-package-metadata.js:51:22)
634 verbose stack     at resolveWithNewModule (/usr/share/npm/lib/install/deps.js:456:12)
634 verbose stack     at /usr/share/npm/lib/install/deps.js:457:7
634 verbose stack     at /usr/share/npm/node_modules/iferr/index.js:13:50
634 verbose stack     at /usr/share/npm/lib/fetch-package-metadata.js:37:12
634 verbose stack     at addRequestedAndFinish (/usr/share/npm/lib/fetch-package-metadata.js:82:5)
634 verbose stack     at returnAndAddMetadata (/usr/share/npm/lib/fetch-package-metadata.js:117:7)
634 verbose stack     at pickVersionFromRegistryDocument (/usr/share/npm/lib/fetch-package-metadata.js:134:20)
634 verbose stack     at /usr/share/npm/node_modules/iferr/index.js:13:50
635 verbose cwd /home/abouhid/Microverse Projects/Responsive-Design-Project
636 error Linux 5.3.0-61-generic
637 error argv "/usr/bin/node" "/usr/bin/npm" "install" "-g" "lighthouse"
638 error node v8.10.0
639 error npm  v3.5.2
640 error code EMISSINGARG
641 error typeerror Error: Missing required argument #1
641 error typeerror     at andLogAndFinish (/usr/share/npm/lib/fetch-package-metadata.js:31:3)
641 error typeerror     at fetchPackageMetadata (/usr/share/npm/lib/fetch-package-metadata.js:51:22)
641 error typeerror     at resolveWithNewModule (/usr/share/npm/lib/install/deps.js:456:12)
641 error typeerror     at /usr/share/npm/lib/install/deps.js:457:7
641 error typeerror     at /usr/share/npm/node_modules/iferr/index.js:13:50
641 error typeerror     at /usr/share/npm/lib/fetch-package-metadata.js:37:12
641 error typeerror     at addRequestedAndFinish (/usr/share/npm/lib/fetch-package-metadata.js:82:5)
641 error typeerror     at returnAndAddMetadata (/usr/share/npm/lib/fetch-package-metadata.js:117:7)
641 error typeerror     at pickVersionFromRegistryDocument (/usr/share/npm/lib/fetch-package-metadata.js:134:20)
641 error typeerror     at /usr/share/npm/node_modules/iferr/index.js:13:50
642 error typeerror This is an error with npm itself. Please report this error at:
642 error typeerror     <http://github.com/npm/npm/issues>
643 verbose exit [ 1, true ]
